This is pdfTeX, Version 3.141592653-2.6-1.40.24 (TeX Live 2022/Debian) (preloaded format=pdflatex 2024.12.9)  10 JAN 2025 11:53
entering extended mode
 restricted \write18 enabled.
 %&-line parsing enabled.
**forest_meteo_science.tex
(./forest_meteo_science.tex
LaTeX2e <2022-11-01> patch level 1
L3 programming layer <2023-01-16>
(/usr/share/texlive/texmf-dist/tex/latex/base/article.cls
Document Class: article 2022/07/02 v1.4n Standard LaTeX document class
(/usr/share/texlive/texmf-dist/tex/latex/base/size10.clo
File: size10.clo 2022/07/02 v1.4n Standard LaTeX file (size option)
)
\c@part=\count185
\c@section=\count186
\c@subsection=\count187
\c@subsubsection=\count188
\c@paragraph=\count189
\c@subparagraph=\count190
\c@figure=\count191
\c@table=\count192
\abovecaptionskip=\skip48
\belowcaptionskip=\skip49
\bibindent=\dimen140
)
(/usr/share/texlive/texmf-dist/tex/latex/base/fontenc.sty
Package: fontenc 2021/04/29 v2.0v Standard LaTeX package
)
(/usr/share/texlive/texmf-dist/tex/latex/base/inputenc.sty
Package: inputenc 2021/02/14 v1.3d Input encoding file
\inpenc@prehook=\toks16
\inpenc@posthook=\toks17

(/usr/share/texlive/texmf-dist/tex/latex/base/latin9.def
File: latin9.def 2021/02/14 v1.3d Input encoding file
))
(/usr/share/texlive/texmf-dist/tex/latex/float/float.sty
Package: float 2001/11/08 v1.3d Float enhancements (AL)
\c@float@type=\count193
\float@exts=\toks18
\float@box=\box51
\@float@everytoks=\toks19
\@floatcapt=\box52
)
(/usr/share/texlive/texmf-dist/tex/latex/url/url.sty
\Urlmuskip=\muskip16
Package: url 2013/09/16  ver 3.4  Verb mode for urls, etc.
)
(/usr/share/texlive/texmf-dist/tex/latex/amsmath/amstext.sty
Package: amstext 2021/08/26 v2.01 AMS text

(/usr/share/texlive/texmf-dist/tex/latex/amsmath/amsgen.sty
File: amsgen.sty 1999/11/30 v2.0 generic functions
\@emptytoks=\toks20
\ex@=\dimen141
))
(/usr/share/texlive/texmf-dist/tex/latex/graphics/graphicx.sty
Package: graphicx 2021/09/16 v1.2d Enhanced LaTeX Graphics (DPC,SPQR)

(/usr/share/texlive/texmf-dist/tex/latex/graphics/keyval.sty
Package: keyval 2022/05/29 v1.15 key=value parser (DPC)
\KV@toks@=\toks21
)
(/usr/share/texlive/texmf-dist/tex/latex/graphics/graphics.sty
Package: graphics 2022/03/10 v1.4e Standard LaTeX Graphics (DPC,SPQR)

(/usr/share/texlive/texmf-dist/tex/latex/graphics/trig.sty
Package: trig 2021/08/11 v1.11 sin cos tan (DPC)
)
(/usr/share/texlive/texmf-dist/tex/latex/graphics-cfg/graphics.cfg
File: graphics.cfg 2016/06/04 v1.11 sample graphics configuration
)
Package graphics Info: Driver file: pdftex.def on input line 107.

(/usr/share/texlive/texmf-dist/tex/latex/graphics-def/pdftex.def
File: pdftex.def 2022/09/22 v1.2b Graphics/color driver for pdftex
))
\Gin@req@height=\dimen142
\Gin@req@width=\dimen143
)
(/usr/share/texlive/texmf-dist/tex/generic/babel/babel.sty
Package: babel 2022/12/26 3.84 The Babel package
\babel@savecnt=\count194
\U@D=\dimen144
\l@unhyphenated=\language7

(/usr/share/texlive/texmf-dist/tex/generic/babel/txtbabel.def)
\bbl@readstream=\read2
\bbl@dirlevel=\count195

(/usr/share/texlive/texmf-dist/tex/generic/babel-english/english.ldf
Language: english 2017/06/06 v3.3r English support from the babel system
Package babel Info: Hyphen rules for 'british' set to \l@english
(babel)             (\language0). Reported on input line 82.
Package babel Info: Hyphen rules for 'UKenglish' set to \l@english
(babel)             (\language0). Reported on input line 83.
Package babel Info: Hyphen rules for 'canadian' set to \l@english
(babel)             (\language0). Reported on input line 102.
Package babel Info: Hyphen rules for 'australian' set to \l@english
(babel)             (\language0). Reported on input line 105.
Package babel Info: Hyphen rules for 'newzealand' set to \l@english
(babel)             (\language0). Reported on input line 108.
))
(/usr/share/texlive/texmf-dist/tex/generic/babel/locale/en/babel-english.tex
Package babel Info: Importing font and identification data for english
(babel)             from babel-en.ini. Reported on input line 11.
)
(/usr/share/texlive/texmf-dist/tex/latex/l3backend/l3backend-pdftex.def
File: l3backend-pdftex.def 2023-01-16 L3 backend support: PDF output (pdfTeX)
\l__color_backend_stack_int=\count196
\l__pdf_internal_box=\box53
)
(./forest_meteo_science.aux)
\openout1 = `forest_meteo_science.aux'.

LaTeX Font Info:    Checking defaults for OML/cmm/m/it on input line 32.
LaTeX Font Info:    ... okay on input line 32.
LaTeX Font Info:    Checking defaults for OMS/cmsy/m/n on input line 32.
LaTeX Font Info:    ... okay on input line 32.
LaTeX Font Info:    Checking defaults for OT1/cmr/m/n on input line 32.
LaTeX Font Info:    ... okay on input line 32.
LaTeX Font Info:    Checking defaults for T1/cmr/m/n on input line 32.
LaTeX Font Info:    ... okay on input line 32.
LaTeX Font Info:    Checking defaults for TS1/cmr/m/n on input line 32.
LaTeX Font Info:    ... okay on input line 32.
LaTeX Font Info:    Checking defaults for OMX/cmex/m/n on input line 32.
LaTeX Font Info:    ... okay on input line 32.
LaTeX Font Info:    Checking defaults for U/cmr/m/n on input line 32.
LaTeX Font Info:    ... okay on input line 32.

(/usr/share/texlive/texmf-dist/tex/context/base/mkii/supp-pdf.mkii
[Loading MPS to PDF converter (version 2006.09.02).]
\scratchcounter=\count197
\scratchdimen=\dimen145
\scratchbox=\box54
\nofMPsegments=\count198
\nofMParguments=\count199
\everyMPshowfont=\toks22
\MPscratchCnt=\count266
\MPscratchDim=\dimen146
\MPnumerator=\count267
\makeMPintoPDFobject=\count268
\everyMPtoPDFconversion=\toks23
) (/usr/share/texlive/texmf-dist/tex/latex/epstopdf-pkg/epstopdf-base.sty
Package: epstopdf-base 2020-01-24 v2.11 Base part for package epstopdf
Package epstopdf-base Info: Redefining graphics rule for `.eps' on input line 4
85.

(/usr/share/texlive/texmf-dist/tex/latex/latexconfig/epstopdf-sys.cfg
File: epstopdf-sys.cfg 2010/07/13 v1.3 Configuration of (r)epstopdf for TeX Liv
e
))
LaTeX Font Info:    External font `cmex10' loaded for size
(Font)              <12> on input line 45.
LaTeX Font Info:    External font `cmex10' loaded for size
(Font)              <8> on input line 45.
LaTeX Font Info:    External font `cmex10' loaded for size
(Font)              <6> on input line 45.

Overfull \hbox (108.95628pt too wide) in paragraph at lines 45--45
 [][] 
 []

LaTeX Font Info:    External font `cmex10' loaded for size
(Font)              <5> on input line 45.
[1

{/var/lib/texmf/fonts/map/pdftex/updmap/pdftex.map}]
<fire_economic.png, id=15, 711.65875pt x 707.64375pt>
File: fire_economic.png Graphic file (type png)
<use fire_economic.png>
Package pdftex.def Info: fire_economic.png  used on input line 111.
(pdftex.def)             Requested size: 355.8285pt x 353.82101pt.

Overfull \hbox (10.8285pt too wide) in paragraph at lines 111--112
 [][] 
 []

[2] [3 <./fire_economic.png>]
<fire_atmosphere.png, id=27, 740.7675pt x 679.53876pt>
File: fire_atmosphere.png Graphic file (type png)
<use fire_atmosphere.png>
Package pdftex.def Info: fire_atmosphere.png  used on input line 141.
(pdftex.def)             Requested size: 370.38284pt x 339.76855pt.

Overfull \hbox (25.38284pt too wide) in paragraph at lines 141--142
 [][] 
 []


Underfull \hbox (badness 3471) in paragraph at lines 144--144
[]\T1/cmr/m/n/10 Figure 2: The en-vi-ron-men-tal im-pact of car-bon diox-ide. A
vail-able
 []

[4 <./fire_atmosphere.png>]
<fire_algorithms.png, id=32, 724.6272pt x 897.3525pt>
File: fire_algorithms.png Graphic file (type png)
<use fire_algorithms.png>
Package pdftex.def Info: fire_algorithms.png  used on input line 196.
(pdftex.def)             Requested size: 362.31271pt x 448.67514pt.

Overfull \hbox (17.31271pt too wide) in paragraph at lines 196--197
 [][] 
 []

[5] [6 <./fire_algorithms.png>] [7]
LaTeX Font Info:    Trying to load font information for T1+cmtt on input line 3
24.

(/usr/share/texlive/texmf-dist/tex/latex/base/t1cmtt.fd
File: t1cmtt.fd 2022/07/10 v2.5l Standard LaTeX font definitions
)
LaTeX Font Info:    External font `cmex10' loaded for size
(Font)              <7> on input line 324.

Overfull \hbox (1.27667pt too wide) in paragraph at lines 323--330
\T1/cmr/m/n/10 avail-able at the link $\T1/cmtt/m/n/10 https : / / www . firese
rvice . gr / en _ US / synola-[]dedomenon$\T1/cmr/m/n/10 .
 []

[8] [9]
Overfull \hbox (13.44025pt too wide) in paragraph at lines 422--428
\T1/cmr/m/n/10 space is trans-formed into a lower-dimensional space, the re-sul
t-ing lower-dimensional
 []

[10] [11] [12]
LaTeX Font Info:    Font shape `T1/cmtt/bx/n' in size <10> not available
(Font)              Font shape `T1/cmtt/m/n' tried instead on input line 605.
 [13] [14]
<onePointCrossover.png, id=75, 759.5577pt x 238.491pt>
File: onePointCrossover.png Graphic file (type png)
<use onePointCrossover.png>
Package pdftex.def Info: onePointCrossover.png  used on input line 712.
(pdftex.def)             Requested size: 379.77792pt x 119.2452pt.

Overfull \hbox (34.77792pt too wide) in paragraph at lines 712--713
[][] 
 []

[15]
Overfull \hbox (25.17188pt too wide) in paragraph at lines 760--761
[]\T1/cmtt/m/n/10 <terminal>::=<xlist>                (0)                      
  
 []


Overfull \hbox (14.67444pt too wide) in paragraph at lines 772--773
[]\T1/cmtt/m/n/10 <digitlist>::=<digit>                  (0)                   

 []

[16 <./onePointCrossover.png>] [17]
Overfull \hbox (5.55328pt too wide) in paragraph at lines 849--859
\T1/cmr/m/n/10 ment of Op-ti-mus, that can be down-loaded from $\T1/cmtt/m/n/10
 https : / / github . com / itsoulos /
 []

[18]
Overfull \hbox (2.49149pt too wide) in paragraph at lines 887--910
 [][] 
 []

[19] [20]
<statWilcoxon.png, id=98, 505.89pt x 505.89pt>
File: statWilcoxon.png Graphic file (type png)
<use statWilcoxon.png>
Package pdftex.def Info: statWilcoxon.png  used on input line 1000.
(pdftex.def)             Requested size: 252.94437pt x 252.94437pt.
 [21] [22 <./statWilcoxon.png>]
<statWilcoxon2.png, id=106, 505.89pt x 505.89pt>
File: statWilcoxon2.png Graphic file (type png)
<use statWilcoxon2.png>
Package pdftex.def Info: statWilcoxon2.png  used on input line 1105.
(pdftex.def)             Requested size: 252.94437pt x 252.94437pt.
 [23] [24 <./statWilcoxon2.png>]
[25]
Underfull \hbox (badness 4569) in paragraph at lines 1170--1174
[]\T1/cmr/m/n/10 Heinonen, Keri. The Fire of Prometheus: More Than Just a
 []


Underfull \hbox (badness 3872) in paragraph at lines 1170--1174
\T1/cmr/m/n/10 Gift to Hu-man-ity. Greek Mythol-ogy. Novem-ber 19, 2024. Avail-

 []


Underfull \hbox (badness 5893) in paragraph at lines 1178--1182
[]\T1/cmr/m/n/10 Patrick, Van Hees. The burn-ing chal-lenge of fire safety. ISO
,
 []


Underfull \hbox (badness 10000) in paragraph at lines 1178--1182
\T1/cmr/m/n/10 In-ter-na-tional Or-ga-ni-za-tion for Stan-dard-iza-tion. Avail-
able from:
 []


Underfull \hbox (badness 10000) in paragraph at lines 1183--1187
\T1/cmr/m/n/10 stories/press-release/number-wildfires-rise-50-cent-2100-and-gov
ernments-
 []


Underfull \hbox (badness 1072) in paragraph at lines 1188--1191
[]\T1/cmr/m/n/10 NASA. Car-bon Diox-ide, Vi-tal Signs. Oc-to-ber 2024. Avail-ab
le from:
 []


Underfull \hbox (badness 10000) in paragraph at lines 1188--1191
\T1/cmr/m/n/10 https://climate.nasa.gov/vital-signs/carbon-dioxide/?intent=121 
(ac-
 []


Underfull \hbox (badness 4752) in paragraph at lines 1204--1208
\T1/cmr/m/n/10 from: https://mitsloan.mit.edu/ideas-made-to-matter/tackling-cli
mate-
 []


Underfull \hbox (badness 4792) in paragraph at lines 1213--1217
[]\T1/cmr/m/n/10 Watson, Ian. (2012). How Alan Tur-ing In-vented the Com-puter
 []


Underfull \hbox (badness 7433) in paragraph at lines 1213--1217
\T1/cmr/m/n/10 Age. Sci-en-tific Amer-i-can. Pub-lished: 26/04/2012.Avail-able 
from:
 []


Underfull \hbox (badness 10000) in paragraph at lines 1213--1217
\T1/cmr/m/n/10 https://blogs.scientificamerican.com/guest-blog/how-alan-turing-

 []

[26] [27] [28] [29]
Underfull \hbox (badness 1112) in paragraph at lines 1405--1410
[]\T1/cmr/m/n/10 N. Nikolov, P. Both-well, J. Snook, Probal-is-tic fore-cast-in
g of light-
 []


Underfull \hbox (badness 3503) in paragraph at lines 1405--1410
\T1/cmr/m/n/10 ning strikes over the Con-ti-nen-tal USA and Alaska: Model de-
 []


Underfull \hbox (badness 4096) in paragraph at lines 1405--1410
\T1/cmr/m/n/10 vel-op-ment and ver-i-fi-ca-tion. Sci-en-tific Jour-nal, Fire (7
). Avail-able
 []

[30] [31] [32] [33] (./forest_meteo_science.aux) ) 
Here is how much of TeX's memory you used:
 3016 strings out of 477975
 49716 string characters out of 5839281
 1867330 words of memory out of 5000000
 23130 multiletter control sequences out of 15000+600000
 528515 words of font info for 61 fonts, out of 8000000 for 9000
 59 hyphenation exceptions out of 8191
 57i,14n,62p,346b,328s stack positions out of 10000i,1000n,20000p,200000b,200000s
 </home/sheridan/.texlive2022
/texmf-var/fonts/pk/ljfour/jknappen/ec/ecbx0800.600pk> </home/sheridan/.texlive
2022/texmf-var/fonts/pk/ljfour/jknappen/ec/ecbx1000.600pk> </home/sheridan/.tex
live2022/texmf-var/fonts/pk/ljfour/jknappen/ec/ectt1000.600pk> </home/sheridan/
.texlive2022/texmf-var/fonts/pk/ljfour/jknappen/ec/ecbx1200.600pk> </home/sheri
dan/.texlive2022/texmf-var/fonts/pk/ljfour/jknappen/ec/tcrm1000.600pk> </home/s
heridan/.texlive2022/texmf-var/fonts/pk/ljfour/jknappen/ec/ecti1000.600pk> </ho
me/sheridan/.texlive2022/texmf-var/fonts/pk/ljfour/jknappen/ec/ecbx1440.600pk> 
</home/sheridan/.texlive2022/texmf-var/fonts/pk/ljfour/jknappen/ec/ecrm1000.600
pk> </home/sheridan/.texlive2022/texmf-var/fonts/pk/ljfour/jknappen/ec/ecrm0800
.600pk> </home/sheridan/.texlive2022/texmf-var/fonts/pk/ljfour/jknappen/ec/tcrm
0600.600pk> </home/sheridan/.texlive2022/texmf-var/fonts/pk/ljfour/jknappen/ec/
ecrm0900.600pk> </home/sheridan/.texlive2022/texmf-var/fonts/pk/ljfour/jknappen
/ec/ecbx0900.600pk> </home/sheridan/.texlive2022/texmf-var/fonts/pk/ljfour/jkna
ppen/ec/tcrm0800.600pk> </home/sheridan/.texlive2022/texmf-var/fonts/pk/ljfour/
jknappen/ec/ecrm1200.600pk> </home/sheridan/.texlive2022/texmf-var/fonts/pk/ljf
our/jknappen/ec/ecrm1728.600pk></usr/share/texlive/texmf-dist/fonts/type1/publi
c/amsfonts/cm/cmex10.pfb></usr/share/texlive/texmf-dist/fonts/type1/public/amsf
onts/cm/cmmi10.pfb></usr/share/texlive/texmf-dist/fonts/type1/public/amsfonts/c
m/cmmi5.pfb></usr/share/texlive/texmf-dist/fonts/type1/public/amsfonts/cm/cmmi7
.pfb></usr/share/texlive/texmf-dist/fonts/type1/public/amsfonts/cm/cmr10.pfb></
usr/share/texlive/texmf-dist/fonts/type1/public/amsfonts/cm/cmr7.pfb></usr/shar
e/texlive/texmf-dist/fonts/type1/public/amsfonts/cm/cmr8.pfb></usr/share/texliv
e/texmf-dist/fonts/type1/public/amsfonts/cm/cmsy10.pfb></usr/share/texlive/texm
f-dist/fonts/type1/public/amsfonts/cm/cmsy7.pfb>
Output written on forest_meteo_science.pdf (33 pages, 6998851 bytes).
PDF statistics:
 661 PDF objects out of 1000 (max. 8388607)
 162 compressed objects within 2 object streams
 0 named destinations out of 1000 (max. 500000)
 31 words of extra memory for PDF output out of 10000 (max. 10000000)

