This is pdfTeX, Version 3.141592653-2.6-1.40.26 (TeX Live 2025/dev/Debian) (preloaded format=pdflatex 2026.6.12)  29 JUN 2026 12:58
entering extended mode
 restricted \write18 enabled.
 %&-line parsing enabled.
**climate.tex
(./climate.tex
LaTeX2e <2024-11-01> patch level 2
L3 programming layer <2025-01-18>
(./Definitions/academia.cls

LaTeX Warning: You have requested document class `Definitions/academia',
               but the document class provides `article'.

Document Class: article 2021/10/04 v1.4n Standard LaTeX document class
(/usr/share/texlive/texmf-dist/tex/latex/base/size12.clo
File: size12.clo 2024/06/29 v1.4n Standard LaTeX file (size option)
)
\c@part=\count196
\c@section=\count197
\c@subsection=\count198
\c@subsubsection=\count199
\c@paragraph=\count266
\c@subparagraph=\count267
\c@figure=\count268
\c@table=\count269
\abovecaptionskip=\skip49
\belowcaptionskip=\skip50
\bibindent=\dimen141

(/usr/share/texlive/texmf-dist/tex/latex/base/inputenc.sty
Package: inputenc 2024/02/08 v1.3d Input encoding file
\inpenc@prehook=\toks17
\inpenc@posthook=\toks18

(/usr/share/texlive/texmf-dist/tex/latex/base/latin9.def
File: latin9.def 2024/02/08 v1.3d Input encoding file
))
(/usr/share/texlive/texmf-dist/tex/latex/base/textcomp.sty
Package: textcomp 2024/04/24 v2.1b Standard LaTeX package
)
(/usr/share/texlive/texmf-dist/tex/latex/ifsym/ifsym.sty
Package: ifsym 2000/04/18 I.Kloeckl

(/usr/share/texlive/texmf-dist/tex/latex/tools/calc.sty
Package: calc 2023/07/08 v4.3 Infix arithmetic (KKT,FJ)
\calc@Acount=\count270
\calc@Bcount=\count271
\calc@Adimen=\dimen142
\calc@Bdimen=\dimen143
\calc@Askip=\skip51
\calc@Bskip=\skip52
LaTeX Info: Redefining \setlength on input line 80.
LaTeX Info: Redefining \addtolength on input line 81.
\calc@Ccount=\count272
\calc@Cskip=\skip53
)
\c@ifsymcnt=\count273
)
(/usr/share/texlive/texmf-dist/tex/latex/jknapltx/mathrsfs.sty
Package: mathrsfs 1996/01/01 Math RSFS package v1.0 (jk)
\symrsfs=\mathgroup4
)
(/usr/share/texlive/texmf-dist/tex/latex/amsmath/amsmath.sty
Package: amsmath 2024/11/05 v2.17t AMS math features
\@mathmargin=\skip54

For additional information on amsmath, use the `?' option.
(/usr/share/texlive/texmf-dist/tex/latex/amsmath/amstext.sty
Package: amstext 2021/08/26 v2.01 AMS text

(/usr/share/texlive/texmf-dist/tex/latex/amsmath/amsgen.sty
File: amsgen.sty 1999/11/30 v2.0 generic functions
\@emptytoks=\toks19
\ex@=\dimen144
))
(/usr/share/texlive/texmf-dist/tex/latex/amsmath/amsbsy.sty
Package: amsbsy 1999/11/29 v1.2d Bold Symbols
\pmbraise@=\dimen145
)
(/usr/share/texlive/texmf-dist/tex/latex/amsmath/amsopn.sty
Package: amsopn 2022/04/08 v2.04 operator names
)
\inf@bad=\count274
LaTeX Info: Redefining \frac on input line 233.
\uproot@=\count275
\leftroot@=\count276
LaTeX Info: Redefining \overline on input line 398.
LaTeX Info: Redefining \colon on input line 409.
\classnum@=\count277
\DOTSCASE@=\count278
LaTeX Info: Redefining \ldots on input line 495.
LaTeX Info: Redefining \dots on input line 498.
LaTeX Info: Redefining \cdots on input line 619.
\Mathstrutbox@=\box52
\strutbox@=\box53
LaTeX Info: Redefining \big on input line 721.
LaTeX Info: Redefining \Big on input line 722.
LaTeX Info: Redefining \bigg on input line 723.
LaTeX Info: Redefining \Bigg on input line 724.
\big@size=\dimen146
LaTeX Font Info:    Redeclaring font encoding OML on input line 742.
LaTeX Font Info:    Redeclaring font encoding OMS on input line 743.
\macc@depth=\count279
LaTeX Info: Redefining \bmod on input line 904.
LaTeX Info: Redefining \pmod on input line 909.
LaTeX Info: Redefining \smash on input line 939.
LaTeX Info: Redefining \relbar on input line 969.
LaTeX Info: Redefining \Relbar on input line 970.
\c@MaxMatrixCols=\count280
\dotsspace@=\muskip17
\c@parentequation=\count281
\dspbrk@lvl=\count282
\tag@help=\toks20
\row@=\count283
\column@=\count284
\maxfields@=\count285
\andhelp@=\toks21
\eqnshift@=\dimen147
\alignsep@=\dimen148
\tagshift@=\dimen149
\tagwidth@=\dimen150
\totwidth@=\dimen151
\lineht@=\dimen152
\@envbody=\toks22
\multlinegap=\skip55
\multlinetaggap=\skip56
\mathdisplay@stack=\toks23
LaTeX Info: Redefining \[ on input line 2953.
LaTeX Info: Redefining \] on input line 2954.
)
(/usr/share/texlive/texmf-dist/tex/latex/amsfonts/amssymb.sty
Package: amssymb 2013/01/14 v3.01 AMS font symbols

(/usr/share/texlive/texmf-dist/tex/latex/amsfonts/amsfonts.sty
Package: amsfonts 2013/01/14 v3.01 Basic AMSFonts support
\symAMSa=\mathgroup5
\symAMSb=\mathgroup6
LaTeX Font Info:    Redeclaring math symbol \hbar on input line 98.
LaTeX Font Info:    Overwriting math alphabet `\mathfrak' in version `bold'
(Font)                  U/euf/m/n --> U/euf/b/n on input line 106.
))
(/usr/share/texlive/texmf-dist/tex/latex/oberdiek/stackrel.sty
Package: stackrel 2016/05/16 v1.3 Adding subscript option to stackrel (HO)

(/usr/share/texlive/texmf-dist/tex/generic/etexcmds/etexcmds.sty
Package: etexcmds 2019/12/15 v1.7 Avoid name clashes with e-TeX commands (HO)

(/usr/share/texlive/texmf-dist/tex/generic/infwarerr/infwarerr.sty
Package: infwarerr 2019/12/03 v1.5 Providing info/warning/error messages (HO)
)
(/usr/share/texlive/texmf-dist/tex/generic/iftex/iftex.sty
Package: iftex 2024/12/12 v1.0g TeX engine tests
))
(/usr/share/texlive/texmf-dist/tex/generic/pdftexcmds/pdftexcmds.sty
Package: pdftexcmds 2020-06-27 v0.33 Utility functions of pdfTeX for LuaTeX (HO
)

(/usr/share/texlive/texmf-dist/tex/generic/ltxcmds/ltxcmds.sty
Package: ltxcmds 2023-12-04 v1.26 LaTeX kernel commands for general use (HO)
)
Package pdftexcmds Info: \pdf@primitive is available.
Package pdftexcmds Info: \pdf@ifprimitive is available.
Package pdftexcmds Info: \pdfdraftmode found.
))
(/usr/share/texlive/texmf-dist/tex/latex/xcolor/xcolor.sty
Package: xcolor 2024/09/29 v3.02 LaTeX color extensions (UK)

(/usr/share/texlive/texmf-dist/tex/latex/graphics-cfg/color.cfg
File: color.cfg 2016/01/02 v1.6 sample color configuration
)
Package xcolor Info: Driver file: pdftex.def on input line 274.

(/usr/share/texlive/texmf-dist/tex/latex/graphics-def/pdftex.def
File: pdftex.def 2024/04/13 v1.2c Graphics/color driver for pdftex
)
(/usr/share/texlive/texmf-dist/tex/latex/graphics/mathcolor.ltx)
Package xcolor Info: Model `cmy' substituted by `cmy0' on input line 1349.
Package xcolor Info: Model `hsb' substituted by `rgb' on input line 1353.
Package xcolor Info: Model `RGB' extended on input line 1365.
Package xcolor Info: Model `HTML' substituted by `rgb' on input line 1367.
Package xcolor Info: Model `Hsb' substituted by `hsb' on input line 1368.
Package xcolor Info: Model `tHsb' substituted by `hsb' on input line 1369.
Package xcolor Info: Model `HSB' substituted by `hsb' on input line 1370.
Package xcolor Info: Model `Gray' substituted by `gray' on input line 1371.
Package xcolor Info: Model `wave' substituted by `hsb' on input line 1372.
)
(/usr/share/texlive/texmf-dist/tex/latex/marginnote/marginnote.sty
Package: marginnote 2018/08/09 1.4b non floating margin notes for LaTeX
\c@mn@abspage=\count286
)
(/usr/share/texlive/texmf-dist/tex/latex/geometry/geometry.sty
Package: geometry 2020/01/02 v5.9 Page Geometry

(/usr/share/texlive/texmf-dist/tex/latex/graphics/keyval.sty
Package: keyval 2022/05/29 v1.15 key=value parser (DPC)
\KV@toks@=\toks24
)
(/usr/share/texlive/texmf-dist/tex/generic/iftex/ifvtex.sty
Package: ifvtex 2019/10/25 v1.7 ifvtex legacy package. Use iftex instead.
)
\Gm@cnth=\count287
\Gm@cntv=\count288
\c@Gm@tempcnt=\count289
\Gm@bindingoffset=\dimen153
\Gm@wd@mp=\dimen154
\Gm@odd@mp=\dimen155
\Gm@even@mp=\dimen156
\Gm@layoutwidth=\dimen157
\Gm@layoutheight=\dimen158
\Gm@layouthoffset=\dimen159
\Gm@layoutvoffset=\dimen160
\Gm@dimlist=\toks25
)
(/usr/share/texlive/texmf-dist/tex/latex/graphics/graphicx.sty
Package: graphicx 2021/09/16 v1.2d Enhanced LaTeX Graphics (DPC,SPQR)

(/usr/share/texlive/texmf-dist/tex/latex/graphics/graphics.sty
Package: graphics 2024/08/06 v1.4g Standard LaTeX Graphics (DPC,SPQR)

(/usr/share/texlive/texmf-dist/tex/latex/graphics/trig.sty
Package: trig 2023/12/02 v1.11 sin cos tan (DPC)
)
(/usr/share/texlive/texmf-dist/tex/latex/graphics-cfg/graphics.cfg
File: graphics.cfg 2016/06/04 v1.11 sample graphics configuration
)
Package graphics Info: Driver file: pdftex.def on input line 106.
)
\Gin@req@height=\dimen161
\Gin@req@width=\dimen162
)
(/usr/share/texlive/texmf-dist/tex/latex/booktabs/booktabs.sty
Package: booktabs 2020/01/12 v1.61803398 Publication quality tables
\heavyrulewidth=\dimen163
\lightrulewidth=\dimen164
\cmidrulewidth=\dimen165
\belowrulesep=\dimen166
\belowbottomsep=\dimen167
\aboverulesep=\dimen168
\abovetopsep=\dimen169
\cmidrulesep=\dimen170
\cmidrulekern=\dimen171
\defaultaddspace=\dimen172
\@cmidla=\count290
\@cmidlb=\count291
\@aboverulesep=\dimen173
\@belowrulesep=\dimen174
\@thisruleclass=\count292
\@lastruleclass=\count293
\@thisrulewidth=\dimen175
))
(/usr/share/texlive/texmf-dist/tex/latex/hyperref/hyperref.sty
Package: hyperref 2024-11-05 v7.01l Hypertext links for LaTeX

(/usr/share/texlive/texmf-dist/tex/latex/kvsetkeys/kvsetkeys.sty
Package: kvsetkeys 2022-10-05 v1.19 Key value parser (HO)
)
(/usr/share/texlive/texmf-dist/tex/generic/kvdefinekeys/kvdefinekeys.sty
Package: kvdefinekeys 2019-12-19 v1.6 Define keys (HO)
)
(/usr/share/texlive/texmf-dist/tex/generic/pdfescape/pdfescape.sty
Package: pdfescape 2019/12/09 v1.15 Implements pdfTeX's escape features (HO)
)
(/usr/share/texlive/texmf-dist/tex/latex/hycolor/hycolor.sty
Package: hycolor 2020-01-27 v1.10 Color options for hyperref/bookmark (HO)
)
(/usr/share/texlive/texmf-dist/tex/latex/hyperref/nameref.sty
Package: nameref 2023-11-26 v2.56 Cross-referencing by name of section

(/usr/share/texlive/texmf-dist/tex/latex/refcount/refcount.sty
Package: refcount 2019/12/15 v3.6 Data extraction from label references (HO)
)
(/usr/share/texlive/texmf-dist/tex/generic/gettitlestring/gettitlestring.sty
Package: gettitlestring 2019/12/15 v1.6 Cleanup title references (HO)

(/usr/share/texlive/texmf-dist/tex/latex/kvoptions/kvoptions.sty
Package: kvoptions 2022-06-15 v3.15 Key value format for package options (HO)
))
\c@section@level=\count294
)
(/usr/share/texlive/texmf-dist/tex/latex/etoolbox/etoolbox.sty
Package: etoolbox 2025/02/11 v2.5l e-TeX tools for LaTeX (JAW)
\etb@tempcnta=\count295
)
(/usr/share/texlive/texmf-dist/tex/generic/stringenc/stringenc.sty
Package: stringenc 2019/11/29 v1.12 Convert strings between diff. encodings (HO
)
)
\@linkdim=\dimen176
\Hy@linkcounter=\count296
\Hy@pagecounter=\count297

(/usr/share/texlive/texmf-dist/tex/latex/hyperref/pd1enc.def
File: pd1enc.def 2024-11-05 v7.01l Hyperref: PDFDocEncoding definition (HO)
Now handling font encoding PD1 ...
... no UTF-8 mapping file for font encoding PD1
)
(/usr/share/texlive/texmf-dist/tex/generic/intcalc/intcalc.sty
Package: intcalc 2019/12/15 v1.3 Expandable calculations with integers (HO)
)
\Hy@SavedSpaceFactor=\count298

(/usr/share/texlive/texmf-dist/tex/latex/hyperref/puenc.def
File: puenc.def 2024-11-05 v7.01l Hyperref: PDF Unicode definition (HO)
Now handling font encoding PU ...
... no UTF-8 mapping file for font encoding PU
)
Package hyperref Info: Hyper figures OFF on input line 4157.
Package hyperref Info: Link nesting OFF on input line 4162.
Package hyperref Info: Hyper index ON on input line 4165.
Package hyperref Info: Plain pages OFF on input line 4172.
Package hyperref Info: Backreferencing OFF on input line 4177.
Package hyperref Info: Implicit mode ON; LaTeX internals redefined.
Package hyperref Info: Bookmarks ON on input line 4424.
\c@Hy@tempcnt=\count299

(/usr/share/texlive/texmf-dist/tex/latex/url/url.sty
\Urlmuskip=\muskip18
Package: url 2013/09/16  ver 3.4  Verb mode for urls, etc.
)
LaTeX Info: Redefining \url on input line 4763.
\XeTeXLinkMargin=\dimen177

(/usr/share/texlive/texmf-dist/tex/generic/bitset/bitset.sty
Package: bitset 2019/12/09 v1.3 Handle bit-vector datatype (HO)

(/usr/share/texlive/texmf-dist/tex/generic/bigintcalc/bigintcalc.sty
Package: bigintcalc 2019/12/15 v1.5 Expandable calculations on big integers (HO
)
))
\Fld@menulength=\count300
\Field@Width=\dimen178
\Fld@charsize=\dimen179
Package hyperref Info: Hyper figures OFF on input line 6042.
Package hyperref Info: Link nesting OFF on input line 6047.
Package hyperref Info: Hyper index ON on input line 6050.
Package hyperref Info: backreferencing OFF on input line 6057.
Package hyperref Info: Link coloring OFF on input line 6062.
Package hyperref Info: Link coloring with OCG OFF on input line 6067.
Package hyperref Info: PDF/A mode OFF on input line 6072.

(/usr/share/texlive/texmf-dist/tex/latex/base/atbegshi-ltx.sty
Package: atbegshi-ltx 2021/01/10 v1.0c Emulation of the original atbegshi
package with kernel methods
)
\Hy@abspage=\count301
\c@Item=\count302
\c@Hfootnote=\count303
)
Package hyperref Info: Driver (autodetected): hpdftex.

(/usr/share/texlive/texmf-dist/tex/latex/hyperref/hpdftex.def
File: hpdftex.def 2024-11-05 v7.01l Hyperref driver for pdfTeX

(/usr/share/texlive/texmf-dist/tex/latex/base/atveryend-ltx.sty
Package: atveryend-ltx 2020/08/19 v1.0a Emulation of the original atveryend pac
kage
with kernel methods
)
\Fld@listcount=\count304
\c@bookmark@seq@number=\count305

(/usr/share/texlive/texmf-dist/tex/latex/rerunfilecheck/rerunfilecheck.sty
Package: rerunfilecheck 2022-07-10 v1.10 Rerun checks for auxiliary files (HO)

(/usr/share/texlive/texmf-dist/tex/generic/uniquecounter/uniquecounter.sty
Package: uniquecounter 2019/12/15 v1.4 Provide unlimited unique counter (HO)
)
Package uniquecounter Info: New unique counter `rerunfilecheck' on input line 2
85.
)
\Hy@SectionHShift=\skip57
)
(/usr/share/texlive/texmf-dist/tex/latex/refstyle/refstyle.sty
Package: refstyle 2024/02/01 v0.6b Reference formatting (DNJ Els)
Package refstyle Info: Config file refstyle.cfg used on input line 323.

(/usr/share/texlive/texmf-dist/tex/latex/refstyle/refstyle.cfg
File: refstyle.cfg 2024/02/01 v0.6b Configuration file for refstyle (DNJ Els)
Package refstyle Info: New reference template \newref{part} on input line 468.
Package refstyle Info: \partkey created on input line 468.
Package refstyle Info: \partlabel created on input line 468.
Package refstyle Info: \partref created on input line 468.
Package refstyle Info: \Partref created on input line 468.
Package refstyle Info: \partrangeref created on input line 468.
Package refstyle Info: \Partrangeref created on input line 468.
Package refstyle Info: \partpageref created on input line 468.
Package refstyle Info: New reference template \newref{chap} on input line 501.
Package refstyle Info: \chapkey created on input line 501.
Package refstyle Info: \chaplabel created on input line 501.
Package refstyle Info: \chapref created on input line 501.
Package refstyle Info: \Chapref created on input line 501.
Package refstyle Info: \chaprangeref created on input line 501.
Package refstyle Info: \Chaprangeref created on input line 501.
Package refstyle Info: \chappageref created on input line 501.
Package refstyle Info: New reference template \newref{sec} on input line 511.
Package refstyle Info: \seckey created on input line 511.
Package refstyle Info: \seclabel created on input line 511.
Package refstyle Info: \secref created on input line 511.
Package refstyle Info: \Secref created on input line 511.
Package refstyle Info: \secrangeref created on input line 511.
Package refstyle Info: \Secrangeref created on input line 511.
Package refstyle Info: \secpageref created on input line 511.
Package refstyle Info: New reference template \newref{eq} on input line 526.
Package refstyle Info: \eqkey created on input line 526.
Package refstyle Info: \eqlabel created on input line 526.
Package refstyle Info: \eqref created on input line 526.
Package refstyle Info: \Eqref created on input line 526.
Package refstyle Info: \eqrangeref created on input line 526.
Package refstyle Info: \Eqrangeref created on input line 526.
Package refstyle Info: \eqpageref created on input line 526.
Package refstyle Info: New reference template \newref{fig} on input line 539.
Package refstyle Info: \figkey created on input line 539.
Package refstyle Info: \figlabel created on input line 539.
Package refstyle Info: \figref created on input line 539.
Package refstyle Info: \Figref created on input line 539.
Package refstyle Info: \figrangeref created on input line 539.
Package refstyle Info: \Figrangeref created on input line 539.
Package refstyle Info: \figpageref created on input line 539.
Package refstyle Info: New reference template \newref{tab} on input line 548.
Package refstyle Info: \tabkey created on input line 548.
Package refstyle Info: \tablabel created on input line 548.
Package refstyle Info: \tabref created on input line 548.
Package refstyle Info: \Tabref created on input line 548.
Package refstyle Info: \tabrangeref created on input line 548.
Package refstyle Info: \Tabrangeref created on input line 548.
Package refstyle Info: \tabpageref created on input line 548.
Package refstyle Info: New reference template \newref{fn} on input line 563.
Package refstyle Info: \fnkey created on input line 563.
Package refstyle Info: \fnlabel created on input line 563.
Package refstyle Info: \fnref created on input line 563.
Package refstyle Info: \Fnref created on input line 563.
Package refstyle Info: \fnrangeref created on input line 563.
Package refstyle Info: \Fnrangeref created on input line 563.
Package refstyle Info: \fnpageref created on input line 563.
))
(/usr/share/texlive/texmf-dist/tex/latex/float/float.sty
Package: float 2001/11/08 v1.3d Float enhancements (AL)
\c@float@type=\count306
\float@exts=\toks26
\float@box=\box54
\@float@everytoks=\toks27
\@floatcapt=\box55
)
(/usr/share/texlive/texmf-dist/tex/latex/varwidth/varwidth.sty
Package: varwidth 2009/03/30 ver 0.92;  Variable-width minipages
\@vwid@box=\box56
\sift@deathcycles=\count307
\@vwid@loff=\dimen180
\@vwid@roff=\dimen181
)
(/usr/share/texlive/texmf-dist/tex/latex/algorithms/algorithm.sty
Package: algorithm 2009/08/24 v0.1 Document Style `algorithm' - floating enviro
nment

(/usr/share/texlive/texmf-dist/tex/latex/base/ifthen.sty
Package: ifthen 2024/03/16 v1.1e Standard LaTeX ifthen package (DPC)
)
\@float@every@algorithm=\toks28
\c@algorithm=\count308
)
(/usr/share/texlive/texmf-dist/tex/latex/algorithmicx/algpseudocode.sty
Package: algpseudocode 

(/usr/share/texlive/texmf-dist/tex/latex/algorithmicx/algorithmicx.sty
Package: algorithmicx 2005/04/27 v1.2 Algorithmicx

Document Style algorithmicx 1.2 - a greatly improved `algorithmic' style
\c@ALG@line=\count309
\c@ALG@rem=\count310
\c@ALG@nested=\count311
\ALG@tlm=\skip58
\ALG@thistlm=\skip59
\c@ALG@Lnr=\count312
\c@ALG@blocknr=\count313
\c@ALG@storecount=\count314
\c@ALG@tmpcounter=\count315
\ALG@tmplength=\skip60
)
Document Style - pseudocode environments for use with the `algorithmicx' style
) (/usr/share/texlive/texmf-dist/tex/latex/setspace/setspace.sty
Package: setspace 2022/12/04 v6.7b set line spacing
)
(/usr/share/texlive/texmf-dist/tex/latex/l3backend/l3backend-pdftex.def
File: l3backend-pdftex.def 2024-05-08 L3 backend support: PDF output (pdfTeX)
\l__color_backend_stack_int=\count316
\l__pdf_internal_box=\box57
)
(./climate.aux)
\openout1 = `climate.aux'.

LaTeX Font Info:    Checking defaults for OML/cmm/m/it on input line 23.
LaTeX Font Info:    ... okay on input line 23.
LaTeX Font Info:    Checking defaults for OMS/cmsy/m/n on input line 23.
LaTeX Font Info:    ... okay on input line 23.
LaTeX Font Info:    Checking defaults for OT1/cmr/m/n on input line 23.
LaTeX Font Info:    ... okay on input line 23.
LaTeX Font Info:    Checking defaults for T1/cmr/m/n on input line 23.
LaTeX Font Info:    ... okay on input line 23.
LaTeX Font Info:    Checking defaults for TS1/cmr/m/n on input line 23.
LaTeX Font Info:    ... okay on input line 23.
LaTeX Font Info:    Checking defaults for OMX/cmex/m/n on input line 23.
LaTeX Font Info:    ... okay on input line 23.
LaTeX Font Info:    Checking defaults for U/cmr/m/n on input line 23.
LaTeX Font Info:    ... okay on input line 23.
LaTeX Font Info:    Checking defaults for PD1/pdf/m/n on input line 23.
LaTeX Font Info:    ... okay on input line 23.
LaTeX Font Info:    Checking defaults for PU/pdf/m/n on input line 23.
LaTeX Font Info:    ... okay on input line 23.

(/usr/share/texlive/texmf-dist/tex/context/base/mkii/supp-pdf.mkii
[Loading MPS to PDF converter (version 2006.09.02).]
\scratchcounter=\count317
\scratchdimen=\dimen182
\scratchbox=\box58
\nofMPsegments=\count318
\nofMParguments=\count319
\everyMPshowfont=\toks29
\MPscratchCnt=\count320
\MPscratchDim=\dimen183
\MPnumerator=\count321
\makeMPintoPDFobject=\count322
\everyMPtoPDFconversion=\toks30
) (/usr/share/texlive/texmf-dist/tex/latex/epstopdf-pkg/epstopdf-base.sty
Package: epstopdf-base 2020-01-24 v2.11 Base part for package epstopdf
Package epstopdf-base Info: Redefining graphics rule for `.eps' on input line 4
85.

(/usr/share/texlive/texmf-dist/tex/latex/latexconfig/epstopdf-sys.cfg
File: epstopdf-sys.cfg 2010/07/13 v1.3 Configuration of (r)epstopdf for TeX Liv
e
))
*geometry* driver: auto-detecting
*geometry* detected driver: pdftex
*geometry* verbose mode - [ preamble ] result:
* driver: pdftex
* paper: custom
* layout: <same size as paper>
* layoutoffset:(h,v)=(0.0pt,0.0pt)
* modes: 
* h-part:(L,W,R)=(70.0pt, 457.50787pt, 70.0pt)
* v-part:(T,H,B)=(46.0pt, 729.04684pt, 70.0pt)
* \paperwidth=597.50787pt
* \paperheight=845.04684pt
* \textwidth=457.50787pt
* \textheight=729.04684pt
* \oddsidemargin=-2.26999pt
* \evensidemargin=-2.26999pt
* \topmargin=-108.26999pt
* \headheight=12.0pt
* \headsep=70.0pt
* \topskip=12.0pt
* \footskip=30.0pt
* \marginparwidth=44.0pt
* \marginparsep=10.0pt
* \columnsep=10.0pt
* \skip\footins=24.0pt
* \hoffset=0.0pt
* \voffset=0.0pt
* \mag=1000
* \@twocolumnfalse
* \@twosidefalse
* \@mparswitchfalse
* \@reversemarginfalse
* (1in=72.27pt=25.4mm, 1cm=28.453pt)

Package hyperref Info: Link coloring OFF on input line 23.
(./climate.out) (./climate.out)
\@outlinefile=\write3
\openout3 = `climate.out'.

LaTeX Font Info:    Trying to load font information for U+rsfs on input line 45
.

(/usr/share/texlive/texmf-dist/tex/latex/jknapltx/ursfs.fd
File: ursfs.fd 1998/03/24 rsfs font definition file (jk)
)
LaTeX Font Info:    Trying to load font information for U+msa on input line 45.


(/usr/share/texlive/texmf-dist/tex/latex/amsfonts/umsa.fd
File: umsa.fd 2013/01/14 v3.01 AMS symbols A
)
LaTeX Font Info:    Trying to load font information for U+msb on input line 45.


(/usr/share/texlive/texmf-dist/tex/latex/amsfonts/umsb.fd
File: umsb.fd 2013/01/14 v3.01 AMS symbols B
)
Overfull \hbox (6.00002pt too wide) in alignment at lines 45--45
[] []
 []


Underfull \vbox (badness 1107) has occurred while \output is active []



[1

{/var/lib/texmf/fonts/map/pdftex/updmap/pdftex.map}]

[2]
Underfull \vbox (badness 5548) has occurred while \output is active []



[3{/usr/share/texmf/fonts/enc/dvips/cm-super/cm-super-ts1.enc}]
Underfull \vbox (badness 10000) has occurred while \output is active []



[4]

[5]
Underfull \hbox (badness 10000) in paragraph at lines 287--291

 []

<1881-300dpi.png, id=199, 240.9pt x 141.1674pt>
File: 1881-300dpi.png Graphic file (type png)
<use 1881-300dpi.png>
Package pdftex.def Info: 1881-300dpi.png  used on input line 294.
(pdftex.def)             Requested size: 240.8994pt x 141.16704pt.
<1995-300dpi.png, id=200, 407.121pt x 240.9pt>
File: 1995-300dpi.png Graphic file (type png)
<use 1995-300dpi.png>
Package pdftex.def Info: 1995-300dpi.png  used on input line 302.
(pdftex.def)             Requested size: 407.12001pt x 240.8994pt.
<2024-300dpi.png, id=201, 410.0118pt x 240.9pt>
File: 2024-300dpi.png Graphic file (type png)
<use 2024-300dpi.png>
Package pdftex.def Info: 2024-300dpi.png  used on input line 307.
(pdftex.def)             Requested size: 410.01079pt x 240.8994pt.

LaTeX Warning: Float too large for page by 23.91899pt on input line 309.



[6

]

[7
pdfTeX warning (ext4): destination with the same identifier (name{figure.1}) ha
s been already used, duplicate ignored
<argument> ...shipout:D \box_use:N \l_shipout_box 
                                                  \__shipout_drop_firstpage_...
l.321 on 9 November 2025.\clearpage
                                   
pdfTeX warning (ext4): destination with the same identifier (name{figure.2}) ha
s been already used, duplicate ignored
<argument> ...shipout:D \box_use:N \l_shipout_box 
                                                  \__shipout_drop_firstpage_...
l.321 on 9 November 2025.\clearpage
                                   
pdfTeX warning (ext4): destination with the same identifier (name{figure.3}) ha
s been already used, duplicate ignored
<argument> ...shipout:D \box_use:N \l_shipout_box 
                                                  \__shipout_drop_firstpage_...
l.321 on 9 November 2025.\clearpage
                                    <./1881-300dpi.png> <./1995-300dpi.png> <./
2024-300dpi.png>]
Overfull \hbox (3.51996pt too wide) in paragraph at lines 327--389
[][] 
 []



[8


pdfTeX warning (ext4): destination with the same identifier (name{table.1}) has
 been already used, duplicate ignored
<argument> ...shipout:D \box_use:N \l_shipout_box 
                                                  \__shipout_drop_firstpage_...
l.401 \clearpage
                ]
Underfull \vbox (badness 10000) has occurred while \output is active []



[9

]

[10
pdfTeX warning (ext4): destination with the same identifier (name{table.2}) has
 been already used, duplicate ignored
<argument> ...shipout:D \box_use:N \l_shipout_box 
                                                  \__shipout_drop_firstpage_...
l.541 
      ]

[11
pdfTeX warning (ext4): destination with the same identifier (name{table.3}) has
 been already used, duplicate ignored
<argument> ...shipout:D \box_use:N \l_shipout_box 
                                                  \__shipout_drop_firstpage_...
l.599 
      ]
Overfull \hbox (53.23466pt too wide) in paragraph at lines 615--635
[][] 
 []



[12
pdfTeX warning (ext4): destination with the same identifier (name{table.4}) has
 been already used, duplicate ignored
<argument> ...shipout:D \box_use:N \l_shipout_box 
                                                  \__shipout_drop_firstpage_...
l.665 
      ]
Overfull \hbox (3.55951pt too wide) in paragraph at lines 681--693
\OT1/cmr/m/n/12 Although strong deep sequence mod-els for cli-mate time series 
exist (e.g., LSTM/CDLSTM),
 []

<grammar_method(fig4).jpg, id=253, 597.73312pt x 845.1575pt>
File: grammar_method(fig4).jpg Graphic file (type jpg)
<use grammar_method(fig4).jpg>
Package pdftex.def Info: grammar_method(fig4).jpg  used on input line 705.
(pdftex.def)             Requested size: 418.41032pt x 591.60622pt.


[13]

[14
pdfTeX warning (ext4): destination with the same identifier (name{figure.4}) ha
s been already used, duplicate ignored
<argument> ...shipout:D \box_use:N \l_shipout_box 
                                                  \__shipout_drop_firstpage_...
l.709 \clearpage
                 <./grammar_method(fig4).jpg>]

[15

]
<crossover(fig5).jpg, id=286, 586.1097pt x 180.675pt>
File: crossover(fig5).jpg Graphic file (type jpg)
<use crossover(fig5).jpg>
Package pdftex.def Info: crossover(fig5).jpg  used on input line 770.
(pdftex.def)             Requested size: 322.36133pt x 99.37154pt.
<mutation_flowchart.jpg, id=288, 294.8616pt x 557.2017pt>
File: mutation_flowchart.jpg Graphic file (type jpg)
<use mutation_flowchart.jpg>
Package pdftex.def Info: mutation_flowchart.jpg  used on input line 781.
(pdftex.def)             Requested size: 206.4017pt x 390.03853pt.

Underfull \vbox (badness 10000) has occurred while \output is active []



[16


pdfTeX warning (ext4): destination with the same identifier (name{figure.5}) ha
s been already used, duplicate ignored
<argument> ...shipout:D \box_use:N \l_shipout_box 
                                                  \__shipout_drop_firstpage_...
l.785 
       <./crossover(fig5).jpg>]

[17
pdfTeX warning (ext4): destination with the same identifier (name{figure.6}) ha
s been already used, duplicate ignored
<argument> ...shipout:D \box_use:N \l_shipout_box 
                                                  \__shipout_drop_firstpage_...
l.806 \end{enumerate}\clearpage
                                <./mutation_flowchart.jpg>]
<genclass_flowchart(fig7).jpg, id=311, 251.4996pt x 954.6867pt>
File: genclass_flowchart(fig7).jpg Graphic file (type jpg)
<use genclass_flowchart(fig7).jpg>
Package pdftex.def Info: genclass_flowchart(fig7).jpg  used on input line 809.
(pdftex.def)             Requested size: 150.90091pt x 572.81644pt.


[18


pdfTeX warning (ext4): destination with the same identifier (name{figure.7}) ha
s been already used, duplicate ignored
<argument> ...shipout:D \box_use:N \l_shipout_box 
                                                  \__shipout_drop_firstpage_...
l.815 \clearpage
                 <./genclass_flowchart(fig7).jpg>]

[19


pdfTeX warning (ext4): destination with the same identifier (name{table.5}) has
 been already used, duplicate ignored
<argument> ...shipout:D \box_use:N \l_shipout_box 
                                                  \__shipout_drop_firstpage_...
l.870 \item T
             he column XGBOOST denotes the usage of the gradient boost techn...
]
Overfull \hbox (39.03311pt too wide) in paragraph at lines 959--1003
 [][] 
 []



[20]
Underfull \vbox (badness 10000) has occurred while \output is active []



[21]
<stat-tbl3.jpg, id=370, 240.9pt x 212.2329pt>
File: stat-tbl3.jpg Graphic file (type jpg)
<use stat-tbl3.jpg>
Package pdftex.def Info: stat-tbl3.jpg  used on input line 1011.
(pdftex.def)             Requested size: 313.16995pt x 275.90271pt.

Underfull \vbox (badness 10000) has occurred while \output is active []



[22
pdfTeX warning (ext4): destination with the same identifier (name{table.6}) has
 been already used, duplicate ignored
<argument> ...shipout:D \box_use:N \l_shipout_box 
                                                  \__shipout_drop_firstpage_...
l.1017 
       ]

[23
pdfTeX warning (ext4): destination with the same identifier (name{figure.8}) ha
s been already used, duplicate ignored
<argument> ...shipout:D \box_use:N \l_shipout_box 
                                                  \__shipout_drop_firstpage_...
l.1051 
        <./stat-tbl3.jpg>]
<precisionAndRecall.jpg, id=384, 240.9pt x 232.9503pt>
File: precisionAndRecall.jpg Graphic file (type jpg)
<use precisionAndRecall.jpg>
Package pdftex.def Info: precisionAndRecall.jpg  used on input line 1054.
(pdftex.def)             Requested size: 313.16995pt x 302.83534pt.
<plot_kongo.jpg, id=386, 481.8pt x 361.35pt>
File: plot_kongo.jpg Graphic file (type jpg)
<use plot_kongo.jpg>
Package pdftex.def Info: plot_kongo.jpg  used on input line 1066.
(pdftex.def)             Requested size: 240.8994pt x 180.67456pt.


[24
pdfTeX warning (ext4): destination with the same identifier (name{figure.9}) ha
s been already used, duplicate ignored
<argument> ...shipout:D \box_use:N \l_shipout_box 
                                                  \__shipout_drop_firstpage_...
l.1070 \clearpage
                 
pdfTeX warning (ext4): destination with the same identifier (name{figure.10}) h
as been already used, duplicate ignored
<argument> ...shipout:D \box_use:N \l_shipout_box 
                                                  \__shipout_drop_firstpage_...
l.1070 \clearpage
                  <./precisionAndRecall.jpg> <./plot_kongo.jpg>]
<iceland_roc.jpg, id=394, 240.9pt x 178.9887pt>
File: iceland_roc.jpg Graphic file (type jpg)
<use iceland_roc.jpg>
Package pdftex.def Info: iceland_roc.jpg  used on input line 1076.
(pdftex.def)             Requested size: 240.8994pt x 178.98824pt.
<arabia_roc.jpg, id=395, 240.9pt x 178.9887pt>
File: arabia_roc.jpg Graphic file (type jpg)
<use arabia_roc.jpg>
Package pdftex.def Info: arabia_roc.jpg  used on input line 1077.
(pdftex.def)             Requested size: 240.8994pt x 178.98824pt.
<svalbard_roc.jpg, id=396, 240.9pt x 179.2296pt>
File: svalbard_roc.jpg Graphic file (type jpg)
<use svalbard_roc.jpg>
Package pdftex.def Info: svalbard_roc.jpg  used on input line 1078.
(pdftex.def)             Requested size: 240.8994pt x 179.22914pt.
<turkey_roc.jpg, id=397, 240.9pt x 180.1932pt>
File: turkey_roc.jpg Graphic file (type jpg)
<use turkey_roc.jpg>
Package pdftex.def Info: turkey_roc.jpg  used on input line 1079.
(pdftex.def)             Requested size: 240.8994pt x 180.19275pt.

Overfull \hbox (26.90201pt too wide) in paragraph at lines 1076--1080
[][] []
 []


Overfull \hbox (26.90201pt too wide) in paragraph at lines 1076--1080
[] [] 
 []

<iceland_pr.jpg, id=398, 240.9pt x 177.7842pt>
File: iceland_pr.jpg Graphic file (type jpg)
<use iceland_pr.jpg>
Package pdftex.def Info: iceland_pr.jpg  used on input line 1086.
(pdftex.def)             Requested size: 240.8994pt x 177.78374pt.
<arabia_pr.jpg, id=399, 240.9pt x 178.5069pt>
File: arabia_pr.jpg Graphic file (type jpg)
<use arabia_pr.jpg>
Package pdftex.def Info: arabia_pr.jpg  used on input line 1087.
(pdftex.def)             Requested size: 240.8994pt x 178.50644pt.
<svalbard_pr.jpg, id=400, 240.9pt x 178.9887pt>
File: svalbard_pr.jpg Graphic file (type jpg)
<use svalbard_pr.jpg>
Package pdftex.def Info: svalbard_pr.jpg  used on input line 1088.
(pdftex.def)             Requested size: 240.8994pt x 178.98824pt.
<turkey_pr.jpg, id=401, 240.9pt x 178.5069pt>
File: turkey_pr.jpg Graphic file (type jpg)
<use turkey_pr.jpg>
Package pdftex.def Info: turkey_pr.jpg  used on input line 1089.
(pdftex.def)             Requested size: 240.8994pt x 178.50644pt.

Overfull \hbox (26.90201pt too wide) in paragraph at lines 1086--1090
[][] []
 []


Overfull \hbox (26.90201pt too wide) in paragraph at lines 1086--1090
[] [] 
 []


Underfull \vbox (badness 10000) has occurred while \output is active []



[25


pdfTeX warning (ext4): destination with the same identifier (name{figure.11}) h
as been already used, duplicate ignored
<argument> ...shipout:D \box_use:N \l_shipout_box 
                                                  \__shipout_drop_firstpage_...
l.1094 
        <./iceland_roc.jpg> <./arabia_roc.jpg> <./svalbard_roc.jpg> <./turkey_r
oc.jpg>]
Package hyperref Info: bookmark level for unknown algorithm defaults to 0 on in
put line 1106.


[26
pdfTeX warning (ext4): destination with the same identifier (name{figure.12}) h
as been already used, duplicate ignored
<argument> ...shipout:D \box_use:N \l_shipout_box 
                                                  \__shipout_drop_firstpage_...
l.1129 \clearpage
                  <./iceland_pr.jpg> <./arabia_pr.jpg> <./svalbard_pr.jpg> <./t
urkey_pr.jpg>]

[27


pdfTeX warning (ext4): destination with the same identifier (name{table.7}) has
 been already used, duplicate ignored
<argument> ...shipout:D \box_use:N \l_shipout_box 
                                                  \__shipout_drop_firstpage_...
l.1189 \clearpage
                 ]
<stat_tbl7.jpg, id=423, 505.89pt x 486.1362pt>
File: stat_tbl7.jpg Graphic file (type jpg)
<use stat_tbl7.jpg>
Package pdftex.def Info: stat_tbl7.jpg  used on input line 1211.
(pdftex.def)             Requested size: 404.71254pt x 388.90948pt.


[28


pdfTeX warning (ext4): destination with the same identifier (name{figure.13}) h
as been already used, duplicate ignored
<argument> ...shipout:D \box_use:N \l_shipout_box 
                                                  \__shipout_drop_firstpage_...
l.1218 \clearpage
                  <./stat_tbl7.jpg>]
<exectime.jpg, id=430, 240.9pt x 121.4136pt>
File: exectime.jpg Graphic file (type jpg)
<use exectime.jpg>
Package pdftex.def Info: exectime.jpg  used on input line 1225.
(pdftex.def)             Requested size: 409.52823pt x 206.40224pt.


[29


pdfTeX warning (ext4): destination with the same identifier (name{figure.14}) h
as been already used, duplicate ignored
<argument> ...shipout:D \box_use:N \l_shipout_box 
                                                  \__shipout_drop_firstpage_...
l.1231 \clearpage
                  <./exectime.jpg>]

[30


pdfTeX warning (ext4): destination with the same identifier (name{table.8}) has
 been already used, duplicate ignored
<argument> ...shipout:D \box_use:N \l_shipout_box 
                                                  \__shipout_drop_firstpage_...
l.1298 \clearpage
                 ]
<stat_tbl8.jpg, id=443, 505.89pt x 485.6544pt>
File: stat_tbl8.jpg Graphic file (type jpg)
<use stat_tbl8.jpg>
Package pdftex.def Info: stat_tbl8.jpg  used on input line 1311.
(pdftex.def)             Requested size: 404.71254pt x 388.52405pt.


[31


pdfTeX warning (ext4): destination with the same identifier (name{figure.15}) h
as been already used, duplicate ignored
<argument> ...shipout:D \box_use:N \l_shipout_box 
                                                  \__shipout_drop_firstpage_...
l.1324 \clearpage
                  <./stat_tbl8.jpg>]
<heatMap_RBFvsGENCLASS.jpg, id=452, 505.89pt x 485.6544pt>
File: heatMap_RBFvsGENCLASS.jpg Graphic file (type jpg)
<use heatMap_RBFvsGENCLASS.jpg>
Package pdftex.def Info: heatMap_RBFvsGENCLASS.jpg  used on input line 1407.
(pdftex.def)             Requested size: 404.71254pt x 388.52405pt.

Underfull \vbox (badness 10000) has occurred while \output is active []



[32


pdfTeX warning (ext4): destination with the same identifier (name{table.9}) has
 been already used, duplicate ignored
<argument> ...shipout:D \box_use:N \l_shipout_box 
                                                  \__shipout_drop_firstpage_...
l.1411 
       ]
Underfull \vbox (badness 10000) has occurred while \output is active []



[33
pdfTeX warning (ext4): destination with the same identifier (name{figure.16}) h
as been already used, duplicate ignored
<argument> ...shipout:D \box_use:N \l_shipout_box 
                                                  \__shipout_drop_firstpage_...
l.1443 T
        he results of this chronological split experiment show that GENCLASS...
 <./heatMap_RBFvsGENCLASS.jpg>]

[34
pdfTeX warning (ext4): destination with the same identifier (name{table.10}) ha
s been already used, duplicate ignored
<argument> ...shipout:D \box_use:N \l_shipout_box 
                                                  \__shipout_drop_firstpage_...
l.1448 \clearpage
                 ]
Underfull \hbox (badness 3019) in paragraph at lines 1484--1497
\OT1/cmr/m/n/12 method-olog-i-cal cred-i-bil-ity of the pro-posed approach. Inc
reas-ing the num-ber of
 []


Underfull \hbox (badness 3482) in paragraph at lines 1498--1515
[]\OT1/cmr/m/n/12 The param-e-ter sen-si-tiv-ity anal-y-sis indi-cates that inc
reas-ing the num-ber of
 []



[35

]
Underfull \vbox (badness 10000) has occurred while \output is active []



[36]

[37]
Underfull \hbox (badness 1442) in paragraph at lines 1611--1614
[]\OT1/cmr/m/n/12 Aeschylus, 472 B.C. Per-sians. Richer Resources Pub-li-ca-tio
ns, Arling-ton, Vir-
 []


Underfull \hbox (badness 10000) in paragraph at lines 1627--1631
[]\OT1/cmr/m/n/12 United Nations Envi-ron-ment Pro-gramme. Num-ber of Wild-fire
s to
 []


Underfull \hbox (badness 8132) in paragraph at lines 1627--1631
\OT1/cmr/m/n/12 Rise by 50 per Cent by 2100 and Gov-ern-ments Are Not Pre-pared
,
 []


Underfull \hbox (badness 4229) in paragraph at lines 1627--1631
\OT1/cmr/m/n/12 Experts Warn. 23 Febru-ary 2022. [accessed on 7 Nove-mer 2025].
 Avail-
 []


Underfull \hbox (badness 10000) in paragraph at lines 1627--1631
\OT1/cmr/m/n/12 able from: []$\OT1/cmtt/m/n/12 https : / / www . unep . org / n
ews-[]and-[]stories / press-[]release /
 []



[38]
Underfull \hbox (badness 10000) in paragraph at lines 1730--1733
\OT1/cmr/m/n/12 able from:[]$\OT1/cmtt/m/n/12 https : / / www . climate . gov /
 news-[]features / understanding-[]climate /
 []



[39]

[40]

[41]

[42]

[43] (./climate.aux)
 ***********
LaTeX2e <2024-11-01> patch level 2
L3 programming layer <2025-01-18>
 ***********
Package rerunfilecheck Info: File `climate.out' has not changed.
(rerunfilecheck)             Checksum: 81C6870D95397367CB425F694802D146;2196.
 ) 
Here is how much of TeX's memory you used:
 13128 strings out of 475102
 201643 string characters out of 5764877
 620734 words of memory out of 5000000
 35732 multiletter control sequences out of 15000+600000
 571204 words of font info for 82 fonts, out of 8000000 for 9000
 59 hyphenation exceptions out of 8191
 75i,12n,79p,768b,633s stack positions out of 10000i,1000n,20000p,200000b,200000s
</usr/share/texlive/texmf-dist/fonts/type1/public/amsfonts/cm/cmbx10.pfb></us
r/share/texlive/texmf-dist/fonts/type1/public/amsfonts/cm/cmbx12.pfb></usr/shar
e/texlive/texmf-dist/fonts/type1/public/amsfonts/cm/cmbx9.pfb></usr/share/texli
ve/texmf-dist/fonts/type1/public/amsfonts/cm/cmex10.pfb></usr/share/texlive/tex
mf-dist/fonts/type1/public/amsfonts/cm/cmmi12.pfb></usr/share/texlive/texmf-dis
t/fonts/type1/public/amsfonts/cm/cmmi8.pfb></usr/share/texlive/texmf-dist/fonts
/type1/public/amsfonts/cm/cmr10.pfb></usr/share/texlive/texmf-dist/fonts/type1/
public/amsfonts/cm/cmr12.pfb></usr/share/texlive/texmf-dist/fonts/type1/public/
amsfonts/cm/cmr6.pfb></usr/share/texlive/texmf-dist/fonts/type1/public/amsfonts
/cm/cmr8.pfb></usr/share/texlive/texmf-dist/fonts/type1/public/amsfonts/cm/cmr9
.pfb></usr/share/texlive/texmf-dist/fonts/type1/public/amsfonts/cm/cmssbx10.pfb
></usr/share/texlive/texmf-dist/fonts/type1/public/amsfonts/cm/cmsy10.pfb></usr
/share/texlive/texmf-dist/fonts/type1/public/amsfonts/cm/cmsy8.pfb></usr/share/
texlive/texmf-dist/fonts/type1/public/amsfonts/cm/cmti12.pfb></usr/share/texliv
e/texmf-dist/fonts/type1/public/amsfonts/cm/cmti8.pfb></usr/share/texlive/texmf
-dist/fonts/type1/public/amsfonts/cm/cmtt12.pfb></usr/share/texmf/fonts/type1/p
ublic/cm-super/sfrm1200.pfb>
Output written on climate.pdf (43 pages, 7202919 bytes).
PDF statistics:
 686 PDF objects out of 1000 (max. 8388607)
 577 compressed objects within 6 object streams
 196 named destinations out of 1000 (max. 500000)
 207 words of extra memory for PDF output out of 10000 (max. 10000000)

