This is pdfTeX, Version 3.141592653-2.6-1.40.26 (TeX Live 2025/dev/Debian) (preloaded format=pdflatex 2026.3.21)  29 MAR 2026 20:15
entering extended mode
 restricted \write18 enabled.
 %&-line parsing enabled.
**climate.tex
(./climate.tex
LaTeX2e <2024-11-01> patch level 2
L3 programming layer <2025-01-18>
(/usr/share/texlive/texmf-dist/tex/latex/base/article.cls
Document Class: article 2024/06/29 v1.4n Standard LaTeX document class
(/usr/share/texlive/texmf-dist/tex/latex/base/size12.clo
File: size12.clo 2024/06/29 v1.4n Standard LaTeX file (size option)
)
\c@part=\count196
\c@section=\count197
\c@subsection=\count198
\c@subsubsection=\count199
\c@paragraph=\count266
\c@subparagraph=\count267
\c@figure=\count268
\c@table=\count269
\abovecaptionskip=\skip49
\belowcaptionskip=\skip50
\bibindent=\dimen141
)
(/usr/share/texlive/texmf-dist/tex/latex/base/fontenc.sty
Package: fontenc 2021/04/29 v2.0v Standard LaTeX package
)
(/usr/share/texlive/texmf-dist/tex/latex/base/textcomp.sty
Package: textcomp 2024/04/24 v2.1b Standard LaTeX package
)
(/usr/share/texlive/texmf-dist/tex/latex/base/inputenc.sty
Package: inputenc 2024/02/08 v1.3d Input encoding file
\inpenc@prehook=\toks17
\inpenc@posthook=\toks18

(/usr/share/texlive/texmf-dist/tex/latex/base/latin9.def
File: latin9.def 2024/02/08 v1.3d Input encoding file
))
(/usr/share/texlive/texmf-dist/tex/latex/graphics/color.sty
Package: color 2024/06/23 v1.3e Standard LaTeX Color (DPC)

(/usr/share/texlive/texmf-dist/tex/latex/graphics-cfg/color.cfg
File: color.cfg 2016/01/02 v1.6 sample color configuration
)
Package color Info: Driver file: pdftex.def on input line 149.

(/usr/share/texlive/texmf-dist/tex/latex/graphics-def/pdftex.def
File: pdftex.def 2024/04/13 v1.2c Graphics/color driver for pdftex
)
(/usr/share/texlive/texmf-dist/tex/latex/graphics/mathcolor.ltx))
(/usr/share/texlive/texmf-dist/tex/latex/refstyle/refstyle.sty
Package: refstyle 2024/02/01 v0.6b Reference formatting (DNJ Els)

(/usr/share/texlive/texmf-dist/tex/latex/graphics/keyval.sty
Package: keyval 2022/05/29 v1.15 key=value parser (DPC)
\KV@toks@=\toks19
)
Package refstyle Info: Config file refstyle.cfg used on input line 323.

(/usr/share/texlive/texmf-dist/tex/latex/refstyle/refstyle.cfg
File: refstyle.cfg 2024/02/01 v0.6b Configuration file for refstyle (DNJ Els)
Package refstyle Info: New reference template \newref{part} on input line 468.
Package refstyle Info: \partkey created on input line 468.
Package refstyle Info: \partlabel created on input line 468.
Package refstyle Info: \partref created on input line 468.
Package refstyle Info: \Partref created on input line 468.
Package refstyle Info: \partrangeref created on input line 468.
Package refstyle Info: \Partrangeref created on input line 468.
Package refstyle Info: \partpageref created on input line 468.
Package refstyle Info: New reference template \newref{chap} on input line 501.
Package refstyle Info: \chapkey created on input line 501.
Package refstyle Info: \chaplabel created on input line 501.
Package refstyle Info: \chapref created on input line 501.
Package refstyle Info: \Chapref created on input line 501.
Package refstyle Info: \chaprangeref created on input line 501.
Package refstyle Info: \Chaprangeref created on input line 501.
Package refstyle Info: \chappageref created on input line 501.
Package refstyle Info: New reference template \newref{sec} on input line 511.
Package refstyle Info: \seckey created on input line 511.
Package refstyle Info: \seclabel created on input line 511.
Package refstyle Info: \secref created on input line 511.
Package refstyle Info: \Secref created on input line 511.
Package refstyle Info: \secrangeref created on input line 511.
Package refstyle Info: \Secrangeref created on input line 511.
Package refstyle Info: \secpageref created on input line 511.
Package refstyle Info: New reference template \newref{eq} on input line 526.
Package refstyle Info: \eqkey created on input line 526.
Package refstyle Info: \eqlabel created on input line 526.
Package refstyle Info: \eqref created on input line 526.
Package refstyle Info: \Eqref created on input line 526.
Package refstyle Info: \eqrangeref created on input line 526.
Package refstyle Info: \Eqrangeref created on input line 526.
Package refstyle Info: \eqpageref created on input line 526.
Package refstyle Info: New reference template \newref{fig} on input line 539.
Package refstyle Info: \figkey created on input line 539.
Package refstyle Info: \figlabel created on input line 539.
Package refstyle Info: \figref created on input line 539.
Package refstyle Info: \Figref created on input line 539.
Package refstyle Info: \figrangeref created on input line 539.
Package refstyle Info: \Figrangeref created on input line 539.
Package refstyle Info: \figpageref created on input line 539.
Package refstyle Info: New reference template \newref{tab} on input line 548.
Package refstyle Info: \tabkey created on input line 548.
Package refstyle Info: \tablabel created on input line 548.
Package refstyle Info: \tabref created on input line 548.
Package refstyle Info: \Tabref created on input line 548.
Package refstyle Info: \tabrangeref created on input line 548.
Package refstyle Info: \Tabrangeref created on input line 548.
Package refstyle Info: \tabpageref created on input line 548.
Package refstyle Info: New reference template \newref{fn} on input line 563.
Package refstyle Info: \fnkey created on input line 563.
Package refstyle Info: \fnlabel created on input line 563.
Package refstyle Info: \fnref created on input line 563.
Package refstyle Info: \Fnref created on input line 563.
Package refstyle Info: \fnrangeref created on input line 563.
Package refstyle Info: \Fnrangeref created on input line 563.
Package refstyle Info: \fnpageref created on input line 563.
))
(/usr/share/texlive/texmf-dist/tex/latex/float/float.sty
Package: float 2001/11/08 v1.3d Float enhancements (AL)
\c@float@type=\count270
\float@exts=\toks20
\float@box=\box52
\@float@everytoks=\toks21
\@floatcapt=\box53
)
(/usr/share/texlive/texmf-dist/tex/latex/url/url.sty
\Urlmuskip=\muskip17
Package: url 2013/09/16  ver 3.4  Verb mode for urls, etc.
)
(/usr/share/texlive/texmf-dist/tex/latex/varwidth/varwidth.sty
Package: varwidth 2009/03/30 ver 0.92;  Variable-width minipages
\@vwid@box=\box54
\sift@deathcycles=\count271
\@vwid@loff=\dimen142
\@vwid@roff=\dimen143
)
(/usr/share/texlive/texmf-dist/tex/latex/amsmath/amsmath.sty
Package: amsmath 2024/11/05 v2.17t AMS math features
\@mathmargin=\skip51

For additional information on amsmath, use the `?' option.
(/usr/share/texlive/texmf-dist/tex/latex/amsmath/amstext.sty
Package: amstext 2021/08/26 v2.01 AMS text

(/usr/share/texlive/texmf-dist/tex/latex/amsmath/amsgen.sty
File: amsgen.sty 1999/11/30 v2.0 generic functions
\@emptytoks=\toks22
\ex@=\dimen144
))
(/usr/share/texlive/texmf-dist/tex/latex/amsmath/amsbsy.sty
Package: amsbsy 1999/11/29 v1.2d Bold Symbols
\pmbraise@=\dimen145
)
(/usr/share/texlive/texmf-dist/tex/latex/amsmath/amsopn.sty
Package: amsopn 2022/04/08 v2.04 operator names
)
\inf@bad=\count272
LaTeX Info: Redefining \frac on input line 233.
\uproot@=\count273
\leftroot@=\count274
LaTeX Info: Redefining \overline on input line 398.
LaTeX Info: Redefining \colon on input line 409.
\classnum@=\count275
\DOTSCASE@=\count276
LaTeX Info: Redefining \ldots on input line 495.
LaTeX Info: Redefining \dots on input line 498.
LaTeX Info: Redefining \cdots on input line 619.
\Mathstrutbox@=\box55
\strutbox@=\box56
LaTeX Info: Redefining \big on input line 721.
LaTeX Info: Redefining \Big on input line 722.
LaTeX Info: Redefining \bigg on input line 723.
LaTeX Info: Redefining \Bigg on input line 724.
\big@size=\dimen146
LaTeX Font Info:    Redeclaring font encoding OML on input line 742.
LaTeX Font Info:    Redeclaring font encoding OMS on input line 743.
\macc@depth=\count277
LaTeX Info: Redefining \bmod on input line 904.
LaTeX Info: Redefining \pmod on input line 909.
LaTeX Info: Redefining \smash on input line 939.
LaTeX Info: Redefining \relbar on input line 969.
LaTeX Info: Redefining \Relbar on input line 970.
\c@MaxMatrixCols=\count278
\dotsspace@=\muskip18
\c@parentequation=\count279
\dspbrk@lvl=\count280
\tag@help=\toks23
\row@=\count281
\column@=\count282
\maxfields@=\count283
\andhelp@=\toks24
\eqnshift@=\dimen147
\alignsep@=\dimen148
\tagshift@=\dimen149
\tagwidth@=\dimen150
\totwidth@=\dimen151
\lineht@=\dimen152
\@envbody=\toks25
\multlinegap=\skip52
\multlinetaggap=\skip53
\mathdisplay@stack=\toks26
LaTeX Info: Redefining \[ on input line 2953.
LaTeX Info: Redefining \] on input line 2954.
)
(/usr/share/texlive/texmf-dist/tex/latex/graphics/graphicx.sty
Package: graphicx 2021/09/16 v1.2d Enhanced LaTeX Graphics (DPC,SPQR)

(/usr/share/texlive/texmf-dist/tex/latex/graphics/graphics.sty
Package: graphics 2024/08/06 v1.4g Standard LaTeX Graphics (DPC,SPQR)

(/usr/share/texlive/texmf-dist/tex/latex/graphics/trig.sty
Package: trig 2023/12/02 v1.11 sin cos tan (DPC)
)
(/usr/share/texlive/texmf-dist/tex/latex/graphics-cfg/graphics.cfg
File: graphics.cfg 2016/06/04 v1.11 sample graphics configuration
)
Package graphics Info: Driver file: pdftex.def on input line 106.
)
\Gin@req@height=\dimen153
\Gin@req@width=\dimen154
)
(/usr/share/texlive/texmf-dist/tex/latex/geometry/geometry.sty
Package: geometry 2020/01/02 v5.9 Page Geometry

(/usr/share/texlive/texmf-dist/tex/generic/iftex/ifvtex.sty
Package: ifvtex 2019/10/25 v1.7 ifvtex legacy package. Use iftex instead.

(/usr/share/texlive/texmf-dist/tex/generic/iftex/iftex.sty
Package: iftex 2024/12/12 v1.0g TeX engine tests
))
\Gm@cnth=\count284
\Gm@cntv=\count285
\c@Gm@tempcnt=\count286
\Gm@bindingoffset=\dimen155
\Gm@wd@mp=\dimen156
\Gm@odd@mp=\dimen157
\Gm@even@mp=\dimen158
\Gm@layoutwidth=\dimen159
\Gm@layoutheight=\dimen160
\Gm@layouthoffset=\dimen161
\Gm@layoutvoffset=\dimen162
\Gm@dimlist=\toks27
)
(/usr/share/texlive/texmf-dist/tex/latex/setspace/setspace.sty
Package: setspace 2022/12/04 v6.7b set line spacing
)
\@float@every@algorithm=\toks28
\c@algorithm=\count287
Package refstyle Info: New reference template \newref{subsec} on input line 42.

Package refstyle Info: \subseckey created on input line 42.
Package refstyle Info: \subseclabel created on input line 42.
Package refstyle Info: \subsecref created on input line 42.
Package refstyle Info: \Subsecref created on input line 42.
Package refstyle Info: \subsecrangeref created on input line 42.
Package refstyle Info: \Subsecrangeref created on input line 42.
Package refstyle Info: \subsecpageref created on input line 42.
Package refstyle Info: New reference template \newref{thm} on input line 45.
Package refstyle Info: \thmkey created on input line 45.
Package refstyle Info: \thmlabel created on input line 45.
Package refstyle Info: \thmref created on input line 45.
Package refstyle Info: \Thmref created on input line 45.
Package refstyle Info: \thmrangeref created on input line 45.
Package refstyle Info: \Thmrangeref created on input line 45.
Package refstyle Info: \thmpageref created on input line 45.
Package refstyle Info: New reference template \newref{lem} on input line 48.
Package refstyle Info: \lemkey created on input line 48.
Package refstyle Info: \lemlabel created on input line 48.
Package refstyle Info: \lemref created on input line 48.
Package refstyle Info: \Lemref created on input line 48.
Package refstyle Info: \lemrangeref created on input line 48.
Package refstyle Info: \Lemrangeref created on input line 48.
Package refstyle Info: \lempageref created on input line 48.

(/usr/share/texlive/texmf-dist/tex/generic/babel/babel.sty
Package: babel 2025/02/14 v25.4 The multilingual framework for pdfLaTeX, LuaLaT
eX and XeLaTeX
\babel@savecnt=\count288
\U@D=\dimen163
\l@unhyphenated=\language7

(/usr/share/texlive/texmf-dist/tex/generic/babel/txtbabel.def)
\bbl@readstream=\read2
\bbl@dirlevel=\count289

(/usr/share/texlive/texmf-dist/tex/generic/babel-english/english.ldf
Language: english 2017/06/06 v3.3r English support from the babel system
Package babel Info: Hyphen rules for 'british' set to \l@english
(babel)             (\language0). Reported on input line 82.
Package babel Info: Hyphen rules for 'UKenglish' set to \l@english
(babel)             (\language0). Reported on input line 83.
Package babel Info: Hyphen rules for 'canadian' set to \l@english
(babel)             (\language0). Reported on input line 102.
Package babel Info: Hyphen rules for 'australian' set to \l@english
(babel)             (\language0). Reported on input line 105.
Package babel Info: Hyphen rules for 'newzealand' set to \l@english
(babel)             (\language0). Reported on input line 108.
))
(/usr/share/texlive/texmf-dist/tex/generic/babel/locale/en/babel-english.tex
Package babel Info: Importing font and identification data for english
(babel)             from babel-en.ini. Reported on input line 11.
)
(/usr/share/texlive/texmf-dist/tex/latex/l3backend/l3backend-pdftex.def
File: l3backend-pdftex.def 2024-05-08 L3 backend support: PDF output (pdfTeX)
\l__color_backend_stack_int=\count290
\l__pdf_internal_box=\box57
)
No file climate.aux.
\openout1 = `climate.aux'.

LaTeX Font Info:    Checking defaults for OML/cmm/m/it on input line 61.
LaTeX Font Info:    ... okay on input line 61.
LaTeX Font Info:    Checking defaults for OMS/cmsy/m/n on input line 61.
LaTeX Font Info:    ... okay on input line 61.
LaTeX Font Info:    Checking defaults for OT1/cmr/m/n on input line 61.
LaTeX Font Info:    ... okay on input line 61.
LaTeX Font Info:    Checking defaults for T1/cmr/m/n on input line 61.
LaTeX Font Info:    ... okay on input line 61.
LaTeX Font Info:    Checking defaults for TS1/cmr/m/n on input line 61.
LaTeX Font Info:    ... okay on input line 61.
LaTeX Font Info:    Checking defaults for OMX/cmex/m/n on input line 61.
LaTeX Font Info:    ... okay on input line 61.
LaTeX Font Info:    Checking defaults for U/cmr/m/n on input line 61.
LaTeX Font Info:    ... okay on input line 61.
(/usr/share/texlive/texmf-dist/tex/context/base/mkii/supp-pdf.mkii
[Loading MPS to PDF converter (version 2006.09.02).]
\scratchcounter=\count291
\scratchdimen=\dimen164
\scratchbox=\box58
\nofMPsegments=\count292
\nofMParguments=\count293
\everyMPshowfont=\toks29
\MPscratchCnt=\count294
\MPscratchDim=\dimen165
\MPnumerator=\count295
\makeMPintoPDFobject=\count296
\everyMPtoPDFconversion=\toks30
) (/usr/share/texlive/texmf-dist/tex/latex/epstopdf-pkg/epstopdf-base.sty
Package: epstopdf-base 2020-01-24 v2.11 Base part for package epstopdf
Package epstopdf-base Info: Redefining graphics rule for `.eps' on input line 4
85.

(/usr/share/texlive/texmf-dist/tex/latex/latexconfig/epstopdf-sys.cfg
File: epstopdf-sys.cfg 2010/07/13 v1.3 Configuration of (r)epstopdf for TeX Liv
e
))
*geometry* driver: auto-detecting
*geometry* detected driver: pdftex
*geometry* verbose mode - [ preamble ] result:
* driver: pdftex
* paper: <default>
* layout: <same size as paper>
* layoutoffset:(h,v)=(0.0pt,0.0pt)
* modes: 
* h-part:(L,W,R)=(72.26999pt, 469.75502pt, 72.26999pt)
* v-part:(T,H,B)=(72.26999pt, 650.43001pt, 72.26999pt)
* \paperwidth=614.295pt
* \paperheight=794.96999pt
* \textwidth=469.75502pt
* \textheight=650.43001pt
* \oddsidemargin=0.0pt
* \evensidemargin=0.0pt
* \topmargin=-37.0pt
* \headheight=12.0pt
* \headsep=25.0pt
* \topskip=12.0pt
* \footskip=30.0pt
* \marginparwidth=44.0pt
* \marginparsep=10.0pt
* \columnsep=10.0pt
* \skip\footins=10.8pt plus 4.0pt minus 2.0pt
* \hoffset=0.0pt
* \voffset=0.0pt
* \mag=1000
* \@twocolumnfalse
* \@twosidefalse
* \@mparswitchfalse
* \@reversemarginfalse
* (1in=72.27pt=25.4mm, 1cm=28.453pt)



[1

{/var/lib/texmf/fonts/map/pdftex/updmap/pdftex.map}{/usr/share/texmf/fonts/enc/
dvips/cm-super/cm-super-t1.enc}{/usr/share/texmf/fonts/enc/dvips/cm-super/cm-su
per-ts1.enc}]

LaTeX Warning: Citation `Aeschylus' on page 2 undefined on input line 110.


LaTeX Warning: Citation `Aeschylus-1' on page 2 undefined on input line 110.


LaTeX Warning: Citation `Dey 2021' on page 2 undefined on input line 128.


LaTeX Warning: Citation `Kopitsa' on page 2 undefined on input line 129.


LaTeX Warning: Citation `United Nations 2022' on page 2 undefined on input line
 129.


LaTeX Warning: Citation `United Nations' on page 2 undefined on input line 136.



LaTeX Warning: Citation `United Nations 1992' on page 2 undefined on input line
 146.


LaTeX Warning: Citation `United Nations 1997' on page 2 undefined on input line
 151.


LaTeX Warning: Citation `United Nations 2015' on page 2 undefined on input line
 158.


LaTeX Warning: Citation `NASA 2024' on page 2 undefined on input line 162.



[2]

LaTeX Warning: Citation `Arrhenius' on page 3 undefined on input line 168.


LaTeX Warning: Citation `Rolnick 2022' on page 3 undefined on input line 175.



[3]

LaTeX Warning: Citation `Koulelis 2023' on page 4 undefined on input line 186.


LaTeX Warning: Citation `Rovithakis 2022' on page 4 undefined on input line 189
.


LaTeX Warning: Citation `Xepapadeas 2024' on page 4 undefined on input line 192
.


LaTeX Warning: Citation `Knox 2000' on page 4 undefined on input line 197.


LaTeX Warning: Citation `Milly 2002' on page 4 undefined on input line 199.


LaTeX Warning: Citation `Angra 2022' on page 4 undefined on input line 202.


LaTeX Warning: Citation `Cook 2018' on page 4 undefined on input line 209.


LaTeX Warning: Citation `Stathi 2023' on page 4 undefined on input line 211.


LaTeX Warning: Citation `Yuan 2023' on page 4 undefined on input line 214.



[4]

LaTeX Warning: Citation `Kretschmer 2017' on page 5 undefined on input line 222
.


LaTeX Warning: Citation `Kambezidis 2021' on page 5 undefined on input line 224
.


LaTeX Warning: Citation `Lindsey 2025' on page 5 undefined on input line 225.


LaTeX Warning: Citation `Mansfield 2020' on page 5 undefined on input line 229.



LaTeX Warning: Citation `Haggag 2021' on page 5 undefined on input line 233.


LaTeX Warning: Citation `Haq 2022' on page 5 undefined on input line 236.


LaTeX Warning: Citation `Slater 2023' on page 5 undefined on input line 238.


LaTeX Warning: Citation `Bist 2024' on page 5 undefined on input line 240.


LaTeX Warning: Citation `GAUTAM 2025' on page 5 undefined on input line 242.


LaTeX Warning: Citation `O'Neill 2002' on page 5 undefined on input line 245.


LaTeX Warning: Citation `Kramer 2017' on page 5 undefined on input line 247.


LaTeX Warning: Citation `Backus 1959' on page 5 undefined on input line 249.


LaTeX Warning: Citation `Ryan 1998' on page 5 undefined on input line 251.


LaTeX Warning: Citation `Neill 1999' on page 5 undefined on input line 251.


LaTeX Warning: Citation `Brabazon 2006' on page 5 undefined on input line 252.


LaTeX Warning: Citation `Sen 2009' on page 5 undefined on input line 253.


LaTeX Warning: Citation `Chen 2008' on page 5 undefined on input line 254.


LaTeX Warning: Citation `Hidalgo 2014' on page 5 undefined on input line 255.


LaTeX Warning: Citation `Tavares 2012' on page 5 undefined on input line 255.


LaTeX Warning: Citation `Zapater 2016' on page 5 undefined on input line 256.


LaTeX Warning: Citation `Ryan 1998-1' on page 5 undefined on input line 257.


LaTeX Warning: Citation `de la Puente 2002' on page 5 undefined on input line 2
58.


LaTeX Warning: Citation `De Campos 2016' on page 5 undefined on input line 259.



LaTeX Warning: Citation `Soltanian 2022' on page 5 undefined on input line 259.



LaTeX Warning: Citation `Dempsey 2007' on page 5 undefined on input line 260.


LaTeX Warning: Citation `Galv=0000E1n-L=0000F3pez 2010' on page 5 undefined on 
input line 261.


LaTeX Warning: Citation `Shaker 2012' on page 5 undefined on input line 261.


LaTeX Warning: Citation `Mart=0000EDnez=002010Rodr=0000EDguez 2020' on page 5 u
ndefined on input line 262.


LaTeX Warning: Citation `Sabar 2013' on page 5 undefined on input line 263.


LaTeX Warning: Citation `Ryan 2022' on page 5 undefined on input line 264.


LaTeX Warning: Citation `Pereira 2021' on page 5 undefined on input line 264.


LaTeX Warning: Citation `Castej=0000F3n 2018' on page 5 undefined on input line
 265.



[5]

LaTeX Warning: Reference `sec:Materials-and-methods' on page 6 undefined on inp
ut line 281.


LaTeX Warning: Reference `sec:Results' on page 6 undefined on input line 282.


LaTeX Warning: Reference `sec:Conclusions' on page 6 undefined on input line 28
3.


LaTeX Warning: Reference `fig:NASA-Global-Temperature-1881' on page 6 undefined
 on input line 297.



[6]
<1881-300dpi.png, id=33, 240.9pt x 141.1674pt>
File: 1881-300dpi.png Graphic file (type png)
<use 1881-300dpi.png>
Package pdftex.def Info: 1881-300dpi.png  used on input line 305.
(pdftex.def)             Requested size: 240.8994pt x 141.16704pt.
<1995-300dpi.png, id=34, 407.121pt x 240.9pt>
File: 1995-300dpi.png Graphic file (type png)
<use 1995-300dpi.png>
Package pdftex.def Info: 1995-300dpi.png  used on input line 309.
(pdftex.def)             Requested size: 407.12001pt x 240.8994pt.


[7 <./1881-300dpi.png>]
<2024-300dpi.png, id=41, 410.0118pt x 240.9pt>
File: 2024-300dpi.png Graphic file (type png)
<use 2024-300dpi.png>
Package pdftex.def Info: 2024-300dpi.png  used on input line 313.
(pdftex.def)             Requested size: 410.01079pt x 240.8994pt.


LaTeX Warning: Citation `EM-DATA' on page 8 undefined on input line 323.



[8 <./1995-300dpi.png> <./2024-300dpi.png>]

LaTeX Warning: Reference `tab:Table-1-Hazards-1900--' on page 9 undefined on in
put line 327.



[9]

LaTeX Warning: Reference `tab:Table-2-structure-columns' on page 10 undefined o
n input line 431.



[10]

[11]

LaTeX Warning: Reference `tab:Table-3-Mean-Temperature-increased-1995-2025' on 
page 12 undefined on input line 540.



[12]

LaTeX Warning: Reference `tab:Table-4-Region-Baseline-Class' on page 13 undefin
ed on input line 577.


Overfull \hbox (40.87793pt too wide) in paragraph at lines 592--612
[][] 
 []



[13]

LaTeX Warning: Citation `Tsoulos 2020' on page 14 undefined on input line 627.


LaTeX Warning: Citation `Anastasopoulos 2021' on page 14 undefined on input lin
e 628.



[14]

LaTeX Warning: Reference `fig:The-underlying-grammar-method' on page 15 undefin
ed on input line 662.

<grammar_method(fig4).jpg, id=65, 597.73312pt x 845.1575pt>
File: grammar_method(fig4).jpg Graphic file (type jpg)
<use grammar_method(fig4).jpg>
Package pdftex.def Info: grammar_method(fig4).jpg  used on input line 665.
(pdftex.def)             Requested size: 418.41032pt x 591.60622pt.


[15]

[16 <./grammar_method(fig4).jpg>]

LaTeX Warning: Reference `fig:The-underlying-grammar-method' on page 17 undefin
ed on input line 690.



[17]

LaTeX Warning: Citation `Poli 1998' on page 18 undefined on input line 718.


LaTeX Warning: Reference `fig:A-graphical-example' on page 18 undefined on inpu
t line 719.


LaTeX Warning: Reference `fig:The-flowchart-of' on page 18 undefined on input l
ine 722.


LaTeX Warning: Reference `fig:The-flowchart-of-1' on page 18 undefined on input
 line 739.

<crossover(fig5).jpg, id=81, 586.1097pt x 180.675pt>
File: crossover(fig5).jpg Graphic file (type jpg)
<use crossover(fig5).jpg>
Package pdftex.def Info: crossover(fig5).jpg  used on input line 742.
(pdftex.def)             Requested size: 468.8884pt x 144.54018pt.


[18]
<mutation_flowchart.jpg, id=86, 294.8616pt x 557.2017pt>
File: mutation_flowchart.jpg Graphic file (type jpg)
<use mutation_flowchart.jpg>
Package pdftex.def Info: mutation_flowchart.jpg  used on input line 748.
(pdftex.def)             Requested size: 235.88959pt x 445.76196pt.


[19 <./crossover(fig5).jpg>]
<genclass_flowchart(fig7).jpg, id=91, 251.4996pt x 954.6867pt>
File: genclass_flowchart(fig7).jpg Graphic file (type jpg)
<use genclass_flowchart(fig7).jpg>
Package pdftex.def Info: genclass_flowchart(fig7).jpg  used on input line 754.
(pdftex.def)             Requested size: 188.62422pt x 716.01328pt.


[20 <./mutation_flowchart.jpg>]
Overfull \vbox (92.41603pt too high) has occurred while \output is active []



[21 <./genclass_flowchart(fig7).jpg>]

LaTeX Warning: Citation `Tsoulos 2025' on page 22 undefined on input line 763.


LaTeX Warning: Reference `tabTable-5-:Experimental-settings' on page 22 undefin
ed on input line 769.


LaTeX Warning: Reference `tab:Table-6-Experimental-results-on' on page 22 undef
ined on input line 792.


LaTeX Warning: Citation `M.J.D Powell 1989' on page 22 undefined on input line 
800.


LaTeX Warning: Citation `J. Park 1991' on page 22 undefined on input line 804.


LaTeX Warning: Citation `G.A. Montazer 2018' on page 22 undefined on input line
 804.


LaTeX Warning: Citation `Chang 2011' on page 22 undefined on input line 807.


LaTeX Warning: Citation `Tsoulos 2008' on page 22 undefined on input line 809.



[22]

LaTeX Warning: Reference `tab:Table-6-Experimental-results-on' on page 23 undef
ined on input line 817.


LaTeX Warning: Reference `tab:Table-6-Experimental-results-on' on page 23 undef
ined on input line 837.


LaTeX Warning: Reference `tab:Table-6-Experimental-results-on' on page 23 undef
ined on input line 876.



[23]

[24]

LaTeX Warning: Reference `fig:Statistical-comparison-for' on page 25 undefined 
on input line 913.



[25]
<stat-tbl3.jpg, id=111, 505.89pt x 505.89pt>
File: stat-tbl3.jpg Graphic file (type jpg)
<use stat-tbl3.jpg>
Package pdftex.def Info: stat-tbl3.jpg  used on input line 936.
(pdftex.def)             Requested size: 404.71254pt x 404.71254pt.


LaTeX Warning: Reference `fig:Precision-and-recall' on page 26 undefined on inp
ut line 949.



[26 <./stat-tbl3.jpg>]
<precisionAndRecall.jpg, id=115, 505.89pt x 505.89pt>
File: precisionAndRecall.jpg Graphic file (type jpg)
<use precisionAndRecall.jpg>
Package pdftex.def Info: precisionAndRecall.jpg  used on input line 972.
(pdftex.def)             Requested size: 404.71254pt x 404.71254pt.


[27]

LaTeX Warning: Reference `fig:An-indicative-plot' on page 28 undefined on input
 line 979.

<plot_kongo.jpg, id=119, 481.8pt x 361.35pt>
File: plot_kongo.jpg Graphic file (type jpg)
<use plot_kongo.jpg>
Package pdftex.def Info: plot_kongo.jpg  used on input line 982.
(pdftex.def)             Requested size: 385.4405pt x 289.0804pt.


[28 <./precisionAndRecall.jpg>]

LaTeX Warning: Reference `fig:Indicative-plots-for-ROC' on page 29 undefined on
 input line 988.


LaTeX Warning: Reference `fig:Indicative-plots-for-PR' on page 29 undefined on 
input line 988.

<iceland_roc.jpg, id=123, 677.53125pt x 526.96875pt>
File: iceland_roc.jpg Graphic file (type jpg)
<use iceland_roc.jpg>
Package pdftex.def Info: iceland_roc.jpg  used on input line 992.
(pdftex.def)             Requested size: 271.00769pt x 210.78375pt.
<arabia_roc.jpg, id=124, 677.53125pt x 526.96875pt>
File: arabia_roc.jpg Graphic file (type jpg)
<use arabia_roc.jpg>
Package pdftex.def Info: arabia_roc.jpg  used on input line 992.
(pdftex.def)             Requested size: 271.00769pt x 210.78375pt.

Overfull \hbox (72.26036pt too wide) in paragraph at lines 992--993
[][][] 
 []

<svalbard_roc.jpg, id=125, 677.53125pt x 526.96875pt>
File: svalbard_roc.jpg Graphic file (type jpg)
<use svalbard_roc.jpg>
Package pdftex.def Info: svalbard_roc.jpg  used on input line 994.
(pdftex.def)             Requested size: 271.00769pt x 210.78375pt.
<turkey_roc.jpg, id=126, 677.53125pt x 526.96875pt>
File: turkey_roc.jpg Graphic file (type jpg)
<use turkey_roc.jpg>
Package pdftex.def Info: turkey_roc.jpg  used on input line 994.
(pdftex.def)             Requested size: 271.00769pt x 210.78375pt.

Overfull \hbox (72.26036pt too wide) in paragraph at lines 994--995
[][][] 
 []



[29 <./plot_kongo.jpg>]
<iceland_pr.jpg, id=130, 677.53125pt x 526.96875pt>
File: iceland_pr.jpg Graphic file (type jpg)
<use iceland_pr.jpg>
Package pdftex.def Info: iceland_pr.jpg  used on input line 1001.
(pdftex.def)             Requested size: 271.00769pt x 210.78375pt.
<arabia_pr.jpg, id=131, 677.53125pt x 526.96875pt>
File: arabia_pr.jpg Graphic file (type jpg)
<use arabia_pr.jpg>
Package pdftex.def Info: arabia_pr.jpg  used on input line 1001.
(pdftex.def)             Requested size: 271.00769pt x 210.78375pt.

Overfull \hbox (72.26036pt too wide) in paragraph at lines 1001--1002
[][][] 
 []

<svalbard_pr.jpg, id=132, 677.53125pt x 526.96875pt>
File: svalbard_pr.jpg Graphic file (type jpg)
<use svalbard_pr.jpg>
Package pdftex.def Info: svalbard_pr.jpg  used on input line 1003.
(pdftex.def)             Requested size: 271.00769pt x 210.78375pt.
<turkey_pr.jpg, id=133, 677.53125pt x 526.96875pt>
File: turkey_pr.jpg Graphic file (type jpg)
<use turkey_pr.jpg>
Package pdftex.def Info: turkey_pr.jpg  used on input line 1003.
(pdftex.def)             Requested size: 271.00769pt x 210.78375pt.

Overfull \hbox (72.26036pt too wide) in paragraph at lines 1003--1004
[][][] 
 []



[30 <./iceland_roc.jpg> <./arabia_roc.jpg> <./svalbard_roc.jpg> <./turkey_roc.j
pg>]

LaTeX Warning: Reference `alg:An-example-of' on page 31 undefined on input line
 1010.

<algorithm1.jpg, id=137, 597.73312pt x 173.64874pt>
File: algorithm1.jpg Graphic file (type jpg)
<use algorithm1.jpg>
Package pdftex.def Info: algorithm1.jpg  used on input line 1019.
(pdftex.def)             Requested size: 418.41032pt x 121.55328pt.


[31 <./iceland_pr.jpg> <./arabia_pr.jpg> <./svalbard_pr.jpg> <./turkey_pr.jpg>]

LaTeX Warning: Reference `tab:Table-7-Experimental-results-on-1' on page 32 und
efined on input line 1027.



[32 <./algorithm1.jpg>]

LaTeX Warning: Reference `fig:stat-tb17.png' on page 33 undefined on input line
 1082.

<stat_tbl7.jpg, id=145, 505.89pt x 505.89pt>
File: stat_tbl7.jpg Graphic file (type jpg)
<use stat_tbl7.jpg>
Package pdftex.def Info: stat_tbl7.jpg  used on input line 1102.
(pdftex.def)             Requested size: 404.71254pt x 404.71254pt.


[33]

LaTeX Warning: Reference `fig:Average-execution-time' on page 34 undefined on i
nput line 1109.

<exectime.jpg, id=149, 545.03625pt x 306.39468pt>
File: exectime.jpg Graphic file (type jpg)
<use exectime.jpg>
Package pdftex.def Info: exectime.jpg  used on input line 1114.
(pdftex.def)             Requested size: 545.03493pt x 306.39394pt.

Overfull \hbox (75.2799pt too wide) in paragraph at lines 1114--1115
[][] 
 []



[34 <./stat_tbl7.jpg>]

LaTeX Warning: Reference `tab:Table-8-Experimental-results-on-Ng' on page 35 un
defined on input line 1123.



[35 <./exectime.jpg>]

LaTeX Warning: Reference `fig:The-impact-of-stat-tb18' on page 36 undefined on 
input line 1183.

<stat_tbl8.jpg, id=156, 505.89pt x 505.89pt>
File: stat_tbl8.jpg Graphic file (type jpg)
<use stat_tbl8.jpg>
Package pdftex.def Info: stat_tbl8.jpg  used on input line 1195.
(pdftex.def)             Requested size: 404.71254pt x 404.71254pt.


[36]

LaTeX Warning: Reference `tab:Table-9-Experimental-RBF-results-using' on page 3
7 undefined on input line 1211.



[37 <./stat_tbl8.jpg>]

LaTeX Warning: Reference `fig:RBF-Sensitivity-to' on page 38 undefined on input
 line 1261.



[38]
<heatMap_RBFvsGENCLASS.jpg, id=167, 562.91554pt x 506.4546pt>
File: heatMap_RBFvsGENCLASS.jpg Graphic file (type jpg)
<use heatMap_RBFvsGENCLASS.jpg>
Package pdftex.def Info: heatMap_RBFvsGENCLASS.jpg  used on input line 1288.
(pdftex.def)             Requested size: 450.33304pt x 405.16422pt.


[39 <./heatMap_RBFvsGENCLASS.jpg>]
Overfull \hbox (9.24693pt too wide) in paragraph at lines 1330--1343
[]\T1/cmr/m/n/12 Sensitivity anal-y-ses with re-spect to key evo-lu-tion-ary pa
-ram-e-ters strengthen the method-
 []



[40]

LaTeX Warning: Citation `Eiben 1999' on page 41 undefined on input line 1357.


LaTeX Warning: Citation `De Jong 2007' on page 41 undefined on input line 1357.



LaTeX Warning: Citation `Sipper 2018' on page 41 undefined on input line 1357.


LaTeX Warning: Citation `O=002019Neill 2018' on page 41 undefined on input line
 1357.


LaTeX Warning: Citation `Mills 2014' on page 41 undefined on input line 1360.


Overfull \hbox (29.82253pt too wide) in paragraph at lines 1344--1361
[]\T1/cmr/m/n/12 The pa-ram-e-ter sen-si-tiv-ity anal-y-sis in-di-cates that in
-creas-ing the num-ber of chromosomes$\OT1/cmr/m/n/12 (\OML/cmm/m/it/12 N[]\OT1
/cmr/m/n/12 )$
 []


LaTeX Warning: Reference `subsec:Experiments-with-the' on page 41 undefined on 
input line 1362.


LaTeX Warning: Reference `tab:Table-8-Experimental-results-on-Ng' on page 41 un
defined on input line 1363.


LaTeX Warning: Reference `fig:The-impact-of-stat-tb18' on page 41 undefined on 
input line 1363.


LaTeX Warning: Reference `tabTable-5-:Experimental-settings' on page 41 undefin
ed on input line 1371.


LaTeX Warning: Reference `subsec:The-proposed-method' on page 41 undefined on i
nput line 1372.



[41]

[42]
Underfull \hbox (badness 10000) in paragraph at lines 1433--1437
[]\T1/cmr/m/n/12 United Na-tions En-vi-ron-ment Pro-gramme. Num-ber of Wild-fir
es to Rise
 []


Underfull \hbox (badness 10000) in paragraph at lines 1433--1437
\T1/cmr/m/n/12 by 50 per Cent by 2100 and Gov-ern-ments Are Not Pre-pared, Ex-
 []


Underfull \hbox (badness 10000) in paragraph at lines 1433--1437
\T1/cmr/m/n/12 perts Warn. 23 Febru-ary 2022. [ac-cessed on 7 Nove-mer 2025]. A
vail-
 []


Underfull \hbox (badness 10000) in paragraph at lines 1433--1437
\T1/cmr/m/n/12 able from: $\T1/cmtt/m/n/12 https : / / www . unep . org / news-
[]and-[]stories / press-[]release /
 []



[43]
Underfull \hbox (badness 2351) in paragraph at lines 1454--1456
\T1/cmr/m/n/12 Avail-able from: $\T1/cmtt/m/n/12 https : / / science . nasa . g
ov / earth / explore / earth-[]indicators /
 []



[44]
Underfull \hbox (badness 10000) in paragraph at lines 1517--1520
\T1/cmr/m/n/12 able from:$\T1/cmtt/m/n/12 https : / / www . climate . gov / new
s-[]features / understanding-[]climate /
 []



[45]

[46]

[47]

[48]

[49]

[50]

[51] (./climate.aux)
 ***********
LaTeX2e <2024-11-01> patch level 2
L3 programming layer <2025-01-18>
 ***********


LaTeX Warning: There were undefined references.


LaTeX Warning: Label(s) may have changed. Rerun to get cross-references right.

 ) 
Here is how much of TeX's memory you used:
 5372 strings out of 475102
 86386 string characters out of 5764877
 504514 words of memory out of 5000000
 28314 multiletter control sequences out of 15000+600000
 574451 words of font info for 69 fonts, out of 8000000 for 9000
 59 hyphenation exceptions out of 8191
 57i,12n,65p,279b,314s stack positions out of 10000i,1000n,20000p,200000b,200000s
</usr/share/texlive/texmf-dist/fonts/type1/public/amsfonts/cm/cmex10.pfb></us
r/share/texlive/texmf-dist/fonts/type1/public/amsfonts/cm/cmmi12.pfb></usr/shar
e/texlive/texmf-dist/fonts/type1/public/amsfonts/cm/cmmi8.pfb></usr/share/texli
ve/texmf-dist/fonts/type1/public/amsfonts/cm/cmr12.pfb></usr/share/texlive/texm
f-dist/fonts/type1/public/amsfonts/cm/cmr8.pfb></usr/share/texlive/texmf-dist/f
onts/type1/public/amsfonts/cm/cmsy10.pfb></usr/share/texlive/texmf-dist/fonts/t
ype1/public/amsfonts/cm/cmsy8.pfb></usr/share/texmf/fonts/type1/public/cm-super
/sfbx1095.pfb></usr/share/texmf/fonts/type1/public/cm-super/sfbx1200.pfb></usr/
share/texmf/fonts/type1/public/cm-super/sfbx1440.pfb></usr/share/texmf/fonts/ty
pe1/public/cm-super/sfbx1728.pfb></usr/share/texmf/fonts/type1/public/cm-super/
sfrm0800.pfb></usr/share/texmf/fonts/type1/public/cm-super/sfrm1000.pfb></usr/s
hare/texmf/fonts/type1/public/cm-super/sfrm1095.pfb></usr/share/texmf/fonts/typ
e1/public/cm-super/sfrm1200.pfb></usr/share/texmf/fonts/type1/public/cm-super/s
frm1440.pfb></usr/share/texmf/fonts/type1/public/cm-super/sfrm2074.pfb></usr/sh
are/texmf/fonts/type1/public/cm-super/sfti0800.pfb></usr/share/texmf/fonts/type
1/public/cm-super/sfti1200.pfb></usr/share/texmf/fonts/type1/public/cm-super/sf
tt1200.pfb>
Output written on climate.pdf (51 pages, 7272067 bytes).
PDF statistics:
 301 PDF objects out of 1000 (max. 8388607)
 181 compressed objects within 2 object streams
 0 named destinations out of 1000 (max. 500000)
 116 words of extra memory for PDF output out of 10000 (max. 10000000)

